Copyright 1986-2022 Xilinx, Inc. All Rights Reserved. Copyright 2022-2024 Advanced Micro Devices, Inc. All Rights Reserved.
---------------------------------------------------------------------------------------------------------------------------------------------
| Tool Version : Vivado v.2024.2 (lin64) Build 5239630 Fri Nov 08 22:34:34 MST 2024
| Date         : Thu Mar 26 11:06:11 2026
| Host         : user23-B80KV-AP35BKE running 64-bit Ubuntu 24.04.4 LTS
| Command      : upgrade_ip
| Device       : xc7z020clg400-1
---------------------------------------------------------------------------------------------------------------------------------------------

Upgrade Log for IP 'design_1_trng256_axi_top_0_0'

1. Summary
----------

CAUTION (success, with warnings) in the upgrade of design_1_trng256_axi_top_0_0 from user.org:user:trng256_axi_top:1.1 (Rev. 1) to user.org:user:trng256_axi_top:1.2 (Rev. 1)

After upgrade, an IP may have parameter and port differences compared to the original customization. Please review the parameters within the IP customization GUI to ensure proper functionality. Also, please review the updated IP instantiation template to ensure proper connectivity, and update your design if required.

2. Connection Warnings
----------------------

Detected external port differences while upgrading 'design_1_trng256_axi_top_0_0'. These changes may impact your design.


-Upgrade has added port 'apt_fail_out'

-Upgrade has added port 'health_fail_out'

-Upgrade has added port 'rand_data_low'

-Upgrade has added port 'rand_valid_out'

-Upgrade has added port 'raw_bit_out'







Copyright 1986-2022 Xilinx, Inc. All Rights Reserved. Copyright 2022-2024 Advanced Micro Devices, Inc. All Rights Reserved.
---------------------------------------------------------------------------------------------------------------------------------------------
| Tool Version : Vivado v.2024.2 (lin64) Build 5239630 Fri Nov 08 22:34:34 MST 2024
| Date         : Thu Mar 26 11:00:38 2026
| Host         : user23-B80KV-AP35BKE running 64-bit Ubuntu 24.04.4 LTS
| Command      : upgrade_ip
| Device       : xc7z020clg400-1
---------------------------------------------------------------------------------------------------------------------------------------------

Upgrade Log for IP 'design_1_trng256_axi_top_0_0'

1. Summary
----------

SUCCESS in the upgrade of design_1_trng256_axi_top_0_0 from user.org:user:trng256_axi_top:1.0 (Rev. 2) to user.org:user:trng256_axi_top:1.1 (Rev. 1)

