
*** Running vivado
    with args -log design_1_aes256_decrypt_0_0.vds -m64 -product Vivado -mode batch -messageDb vivado.pb -notrace -source design_1_aes256_decrypt_0_0.tcl


****** Vivado v2024.2 (64-bit)
  **** SW Build 5239630 on Fri Nov 08 22:34:34 MST 2024
  **** IP Build 5239520 on Sun Nov 10 16:12:51 MST 2024
  **** SharedData Build 5239561 on Fri Nov 08 14:39:27 MST 2024
  **** Start of session at: Wed Apr  1 16:00:06 2026
    ** Copyright 1986-2022 Xilinx, Inc. All Rights Reserved.
    ** Copyright 2022-2024 Advanced Micro Devices, Inc. All Rights Reserved.

source design_1_aes256_decrypt_0_0.tcl -notrace
INFO: [IP_Flow 19-234] Refreshing IP repositories
INFO: [IP_Flow 19-1700] Loaded user IP repository '/media/user23/data/TRNG/TRNG_SOC/aes256_decrypt/aes256_decrypt_1_0'.
INFO: [IP_Flow 19-1700] Loaded user IP repository '/media/user23/data/TRNG/TRNG_SOC/ip_repo/trng256_generator/myip_trng256_1_0'.
INFO: [IP_Flow 19-1700] Loaded user IP repository '/media/user23/data/TRNG/TRNG_SOC/aes256_encrypt'.
INFO: [IP_Flow 19-2313] Loaded Vivado IP repository '/media/user23/data/tools/xilinx/Vivado/2024.2/data/ip'.
INFO: [IP_Flow 19-6924] IPCACHE: Running cache check for IP inst: design_1_aes256_decrypt_0_0
Command: synth_design -top design_1_aes256_decrypt_0_0 -part xc7z020clg400-1 -incremental_mode off -mode out_of_context
Starting synth_design
Attempting to get a license for feature 'Synthesis' and/or device 'xc7z020'
INFO: [Common 17-349] Got license for feature 'Synthesis' and/or device 'xc7z020'
INFO: [Device 21-403] Loading part xc7z020clg400-1
INFO: [Synth 8-7079] Multithreading enabled for synth_design using a maximum of 7 processes.
INFO: [Synth 8-7078] Launching helper process for spawning children vivado processes
INFO: [Synth 8-7075] Helper process launched with PID 277449
---------------------------------------------------------------------------------
Starting RTL Elaboration : Time (s): cpu = 00:00:03 ; elapsed = 00:00:03 . Memory (MB): peak = 1890.457 ; gain = 408.859 ; free physical = 931 ; free virtual = 36483
---------------------------------------------------------------------------------
INFO: [Synth 8-6157] synthesizing module 'design_1_aes256_decrypt_0_0' [/media/user23/data/TRNG/TRNG_SOC/project_1/project_1.gen/sources_1/bd/design_1/ip/design_1_aes256_decrypt_0_0/synth/design_1_aes256_decrypt_0_0.v:53]
INFO: [Synth 8-6157] synthesizing module 'aes256_decrypt' [/media/user23/data/TRNG/TRNG_SOC/project_1/project_1.gen/sources_1/bd/design_1/ipshared/18bb/hdl/aes256_decrypt.v:31]
INFO: [Synth 8-6157] synthesizing module 'aes256_dec_core' [/media/user23/data/TRNG/TRNG_SOC/project_1/project_1.gen/sources_1/bd/design_1/ipshared/18bb/hdl/aes256_dec_core.v:22]
INFO: [Synth 8-6157] synthesizing module 'key_expansion' [/media/user23/data/TRNG/TRNG_SOC/project_1/project_1.gen/sources_1/bd/design_1/ipshared/18bb/hdl/key_expansion.v:19]
INFO: [Synth 8-6157] synthesizing module 's_box' [/media/user23/data/TRNG/TRNG_SOC/project_1/project_1.gen/sources_1/bd/design_1/ipshared/18bb/hdl/s_box.v:9]
INFO: [Synth 8-226] default block is never used [/media/user23/data/TRNG/TRNG_SOC/project_1/project_1.gen/sources_1/bd/design_1/ipshared/18bb/hdl/s_box.v:16]
INFO: [Synth 8-6155] done synthesizing module 's_box' (0#1) [/media/user23/data/TRNG/TRNG_SOC/project_1/project_1.gen/sources_1/bd/design_1/ipshared/18bb/hdl/s_box.v:9]
INFO: [Synth 8-6155] done synthesizing module 'key_expansion' (0#1) [/media/user23/data/TRNG/TRNG_SOC/project_1/project_1.gen/sources_1/bd/design_1/ipshared/18bb/hdl/key_expansion.v:19]
INFO: [Synth 8-6157] synthesizing module 'inv_sub_bytes' [/media/user23/data/TRNG/TRNG_SOC/project_1/project_1.gen/sources_1/bd/design_1/ipshared/18bb/hdl/inv_sub_bytes.v:8]
INFO: [Synth 8-226] default block is never used [/media/user23/data/TRNG/TRNG_SOC/project_1/project_1.gen/sources_1/bd/design_1/ipshared/18bb/hdl/inv_sub_bytes.v:18]
INFO: [Synth 8-226] default block is never used [/media/user23/data/TRNG/TRNG_SOC/project_1/project_1.gen/sources_1/bd/design_1/ipshared/18bb/hdl/inv_sub_bytes.v:18]
INFO: [Synth 8-226] default block is never used [/media/user23/data/TRNG/TRNG_SOC/project_1/project_1.gen/sources_1/bd/design_1/ipshared/18bb/hdl/inv_sub_bytes.v:18]
INFO: [Synth 8-226] default block is never used [/media/user23/data/TRNG/TRNG_SOC/project_1/project_1.gen/sources_1/bd/design_1/ipshared/18bb/hdl/inv_sub_bytes.v:18]
INFO: [Synth 8-226] default block is never used [/media/user23/data/TRNG/TRNG_SOC/project_1/project_1.gen/sources_1/bd/design_1/ipshared/18bb/hdl/inv_sub_bytes.v:18]
INFO: [Synth 8-226] default block is never used [/media/user23/data/TRNG/TRNG_SOC/project_1/project_1.gen/sources_1/bd/design_1/ipshared/18bb/hdl/inv_sub_bytes.v:18]
INFO: [Synth 8-226] default block is never used [/media/user23/data/TRNG/TRNG_SOC/project_1/project_1.gen/sources_1/bd/design_1/ipshared/18bb/hdl/inv_sub_bytes.v:18]
INFO: [Synth 8-226] default block is never used [/media/user23/data/TRNG/TRNG_SOC/project_1/project_1.gen/sources_1/bd/design_1/ipshared/18bb/hdl/inv_sub_bytes.v:18]
INFO: [Synth 8-226] default block is never used [/media/user23/data/TRNG/TRNG_SOC/project_1/project_1.gen/sources_1/bd/design_1/ipshared/18bb/hdl/inv_sub_bytes.v:18]
INFO: [Synth 8-226] default block is never used [/media/user23/data/TRNG/TRNG_SOC/project_1/project_1.gen/sources_1/bd/design_1/ipshared/18bb/hdl/inv_sub_bytes.v:18]
INFO: [Synth 8-226] default block is never used [/media/user23/data/TRNG/TRNG_SOC/project_1/project_1.gen/sources_1/bd/design_1/ipshared/18bb/hdl/inv_sub_bytes.v:18]
INFO: [Synth 8-226] default block is never used [/media/user23/data/TRNG/TRNG_SOC/project_1/project_1.gen/sources_1/bd/design_1/ipshared/18bb/hdl/inv_sub_bytes.v:18]
INFO: [Synth 8-226] default block is never used [/media/user23/data/TRNG/TRNG_SOC/project_1/project_1.gen/sources_1/bd/design_1/ipshared/18bb/hdl/inv_sub_bytes.v:18]
INFO: [Synth 8-226] default block is never used [/media/user23/data/TRNG/TRNG_SOC/project_1/project_1.gen/sources_1/bd/design_1/ipshared/18bb/hdl/inv_sub_bytes.v:18]
INFO: [Synth 8-226] default block is never used [/media/user23/data/TRNG/TRNG_SOC/project_1/project_1.gen/sources_1/bd/design_1/ipshared/18bb/hdl/inv_sub_bytes.v:18]
INFO: [Synth 8-226] default block is never used [/media/user23/data/TRNG/TRNG_SOC/project_1/project_1.gen/sources_1/bd/design_1/ipshared/18bb/hdl/inv_sub_bytes.v:18]
INFO: [Synth 8-6155] done synthesizing module 'inv_sub_bytes' (0#1) [/media/user23/data/TRNG/TRNG_SOC/project_1/project_1.gen/sources_1/bd/design_1/ipshared/18bb/hdl/inv_sub_bytes.v:8]
INFO: [Synth 8-6157] synthesizing module 'inv_shift_rows' [/media/user23/data/TRNG/TRNG_SOC/project_1/project_1.gen/sources_1/bd/design_1/ipshared/18bb/hdl/inv_shift_rows.v:26]
INFO: [Synth 8-6155] done synthesizing module 'inv_shift_rows' (0#1) [/media/user23/data/TRNG/TRNG_SOC/project_1/project_1.gen/sources_1/bd/design_1/ipshared/18bb/hdl/inv_shift_rows.v:26]
INFO: [Synth 8-6157] synthesizing module 'inv_mix_columns' [/media/user23/data/TRNG/TRNG_SOC/project_1/project_1.gen/sources_1/bd/design_1/ipshared/18bb/hdl/inv_mix_columns.v:20]
INFO: [Synth 8-6155] done synthesizing module 'inv_mix_columns' (0#1) [/media/user23/data/TRNG/TRNG_SOC/project_1/project_1.gen/sources_1/bd/design_1/ipshared/18bb/hdl/inv_mix_columns.v:20]
INFO: [Synth 8-6157] synthesizing module 'add_round_key' [/media/user23/data/TRNG/TRNG_SOC/project_1/project_1.gen/sources_1/bd/design_1/ipshared/18bb/hdl/add_round_key.v:8]
INFO: [Synth 8-6155] done synthesizing module 'add_round_key' (0#1) [/media/user23/data/TRNG/TRNG_SOC/project_1/project_1.gen/sources_1/bd/design_1/ipshared/18bb/hdl/add_round_key.v:8]
INFO: [Synth 8-6155] done synthesizing module 'aes256_dec_core' (0#1) [/media/user23/data/TRNG/TRNG_SOC/project_1/project_1.gen/sources_1/bd/design_1/ipshared/18bb/hdl/aes256_dec_core.v:22]
INFO: [Synth 8-6157] synthesizing module 'aes256_decrypt_slave_lite_v1_0_S00_AXI' [/media/user23/data/TRNG/TRNG_SOC/project_1/project_1.gen/sources_1/bd/design_1/ipshared/18bb/hdl/aes256_decrypt_slave_lite_v1_0_S00_AXI.v:3]
INFO: [Synth 8-155] case statement is not full and has no default [/media/user23/data/TRNG/TRNG_SOC/project_1/project_1.gen/sources_1/bd/design_1/ipshared/18bb/hdl/aes256_decrypt_slave_lite_v1_0_S00_AXI.v:89]
INFO: [Synth 8-155] case statement is not full and has no default [/media/user23/data/TRNG/TRNG_SOC/project_1/project_1.gen/sources_1/bd/design_1/ipshared/18bb/hdl/aes256_decrypt_slave_lite_v1_0_S00_AXI.v:170]
INFO: [Synth 8-6155] done synthesizing module 'aes256_decrypt_slave_lite_v1_0_S00_AXI' (0#1) [/media/user23/data/TRNG/TRNG_SOC/project_1/project_1.gen/sources_1/bd/design_1/ipshared/18bb/hdl/aes256_decrypt_slave_lite_v1_0_S00_AXI.v:3]
INFO: [Synth 8-6155] done synthesizing module 'aes256_decrypt' (0#1) [/media/user23/data/TRNG/TRNG_SOC/project_1/project_1.gen/sources_1/bd/design_1/ipshared/18bb/hdl/aes256_decrypt.v:31]
INFO: [Synth 8-6155] done synthesizing module 'design_1_aes256_decrypt_0_0' (0#1) [/media/user23/data/TRNG/TRNG_SOC/project_1/project_1.gen/sources_1/bd/design_1/ip/design_1_aes256_decrypt_0_0/synth/design_1_aes256_decrypt_0_0.v:53]
WARNING: [Synth 8-7137] Register W_reg[0] in module key_expansion has both Set and reset with same priority. This may cause simulation mismatches. Consider rewriting code  [/media/user23/data/TRNG/TRNG_SOC/project_1/project_1.gen/sources_1/bd/design_1/ipshared/18bb/hdl/key_expansion.v:113]
WARNING: [Synth 8-7137] Register W_reg[1] in module key_expansion has both Set and reset with same priority. This may cause simulation mismatches. Consider rewriting code  [/media/user23/data/TRNG/TRNG_SOC/project_1/project_1.gen/sources_1/bd/design_1/ipshared/18bb/hdl/key_expansion.v:113]
WARNING: [Synth 8-7137] Register W_reg[2] in module key_expansion has both Set and reset with same priority. This may cause simulation mismatches. Consider rewriting code  [/media/user23/data/TRNG/TRNG_SOC/project_1/project_1.gen/sources_1/bd/design_1/ipshared/18bb/hdl/key_expansion.v:113]
WARNING: [Synth 8-7137] Register W_reg[3] in module key_expansion has both Set and reset with same priority. This may cause simulation mismatches. Consider rewriting code  [/media/user23/data/TRNG/TRNG_SOC/project_1/project_1.gen/sources_1/bd/design_1/ipshared/18bb/hdl/key_expansion.v:113]
WARNING: [Synth 8-7137] Register W_reg[4] in module key_expansion has both Set and reset with same priority. This may cause simulation mismatches. Consider rewriting code  [/media/user23/data/TRNG/TRNG_SOC/project_1/project_1.gen/sources_1/bd/design_1/ipshared/18bb/hdl/key_expansion.v:113]
WARNING: [Synth 8-7137] Register W_reg[5] in module key_expansion has both Set and reset with same priority. This may cause simulation mismatches. Consider rewriting code  [/media/user23/data/TRNG/TRNG_SOC/project_1/project_1.gen/sources_1/bd/design_1/ipshared/18bb/hdl/key_expansion.v:113]
WARNING: [Synth 8-7137] Register W_reg[6] in module key_expansion has both Set and reset with same priority. This may cause simulation mismatches. Consider rewriting code  [/media/user23/data/TRNG/TRNG_SOC/project_1/project_1.gen/sources_1/bd/design_1/ipshared/18bb/hdl/key_expansion.v:113]
WARNING: [Synth 8-7137] Register W_reg[7] in module key_expansion has both Set and reset with same priority. This may cause simulation mismatches. Consider rewriting code  [/media/user23/data/TRNG/TRNG_SOC/project_1/project_1.gen/sources_1/bd/design_1/ipshared/18bb/hdl/key_expansion.v:113]
WARNING: [Synth 8-7137] Register W_reg[8] in module key_expansion has both Set and reset with same priority. This may cause simulation mismatches. Consider rewriting code  [/media/user23/data/TRNG/TRNG_SOC/project_1/project_1.gen/sources_1/bd/design_1/ipshared/18bb/hdl/key_expansion.v:113]
WARNING: [Synth 8-7137] Register W_reg[9] in module key_expansion has both Set and reset with same priority. This may cause simulation mismatches. Consider rewriting code  [/media/user23/data/TRNG/TRNG_SOC/project_1/project_1.gen/sources_1/bd/design_1/ipshared/18bb/hdl/key_expansion.v:113]
WARNING: [Synth 8-7137] Register W_reg[10] in module key_expansion has both Set and reset with same priority. This may cause simulation mismatches. Consider rewriting code  [/media/user23/data/TRNG/TRNG_SOC/project_1/project_1.gen/sources_1/bd/design_1/ipshared/18bb/hdl/key_expansion.v:113]
WARNING: [Synth 8-7137] Register W_reg[11] in module key_expansion has both Set and reset with same priority. This may cause simulation mismatches. Consider rewriting code  [/media/user23/data/TRNG/TRNG_SOC/project_1/project_1.gen/sources_1/bd/design_1/ipshared/18bb/hdl/key_expansion.v:113]
WARNING: [Synth 8-7137] Register W_reg[12] in module key_expansion has both Set and reset with same priority. This may cause simulation mismatches. Consider rewriting code  [/media/user23/data/TRNG/TRNG_SOC/project_1/project_1.gen/sources_1/bd/design_1/ipshared/18bb/hdl/key_expansion.v:113]
WARNING: [Synth 8-7137] Register W_reg[13] in module key_expansion has both Set and reset with same priority. This may cause simulation mismatches. Consider rewriting code  [/media/user23/data/TRNG/TRNG_SOC/project_1/project_1.gen/sources_1/bd/design_1/ipshared/18bb/hdl/key_expansion.v:113]
WARNING: [Synth 8-7137] Register W_reg[14] in module key_expansion has both Set and reset with same priority. This may cause simulation mismatches. Consider rewriting code  [/media/user23/data/TRNG/TRNG_SOC/project_1/project_1.gen/sources_1/bd/design_1/ipshared/18bb/hdl/key_expansion.v:113]
WARNING: [Synth 8-7137] Register W_reg[15] in module key_expansion has both Set and reset with same priority. This may cause simulation mismatches. Consider rewriting code  [/media/user23/data/TRNG/TRNG_SOC/project_1/project_1.gen/sources_1/bd/design_1/ipshared/18bb/hdl/key_expansion.v:113]
WARNING: [Synth 8-7137] Register W_reg[16] in module key_expansion has both Set and reset with same priority. This may cause simulation mismatches. Consider rewriting code  [/media/user23/data/TRNG/TRNG_SOC/project_1/project_1.gen/sources_1/bd/design_1/ipshared/18bb/hdl/key_expansion.v:113]
WARNING: [Synth 8-7137] Register W_reg[17] in module key_expansion has both Set and reset with same priority. This may cause simulation mismatches. Consider rewriting code  [/media/user23/data/TRNG/TRNG_SOC/project_1/project_1.gen/sources_1/bd/design_1/ipshared/18bb/hdl/key_expansion.v:113]
WARNING: [Synth 8-7137] Register W_reg[18] in module key_expansion has both Set and reset with same priority. This may cause simulation mismatches. Consider rewriting code  [/media/user23/data/TRNG/TRNG_SOC/project_1/project_1.gen/sources_1/bd/design_1/ipshared/18bb/hdl/key_expansion.v:113]
WARNING: [Synth 8-7137] Register W_reg[19] in module key_expansion has both Set and reset with same priority. This may cause simulation mismatches. Consider rewriting code  [/media/user23/data/TRNG/TRNG_SOC/project_1/project_1.gen/sources_1/bd/design_1/ipshared/18bb/hdl/key_expansion.v:113]
WARNING: [Synth 8-7137] Register W_reg[20] in module key_expansion has both Set and reset with same priority. This may cause simulation mismatches. Consider rewriting code  [/media/user23/data/TRNG/TRNG_SOC/project_1/project_1.gen/sources_1/bd/design_1/ipshared/18bb/hdl/key_expansion.v:113]
WARNING: [Synth 8-7137] Register W_reg[21] in module key_expansion has both Set and reset with same priority. This may cause simulation mismatches. Consider rewriting code  [/media/user23/data/TRNG/TRNG_SOC/project_1/project_1.gen/sources_1/bd/design_1/ipshared/18bb/hdl/key_expansion.v:113]
WARNING: [Synth 8-7137] Register W_reg[22] in module key_expansion has both Set and reset with same priority. This may cause simulation mismatches. Consider rewriting code  [/media/user23/data/TRNG/TRNG_SOC/project_1/project_1.gen/sources_1/bd/design_1/ipshared/18bb/hdl/key_expansion.v:113]
WARNING: [Synth 8-7137] Register W_reg[23] in module key_expansion has both Set and reset with same priority. This may cause simulation mismatches. Consider rewriting code  [/media/user23/data/TRNG/TRNG_SOC/project_1/project_1.gen/sources_1/bd/design_1/ipshared/18bb/hdl/key_expansion.v:113]
WARNING: [Synth 8-7137] Register W_reg[24] in module key_expansion has both Set and reset with same priority. This may cause simulation mismatches. Consider rewriting code  [/media/user23/data/TRNG/TRNG_SOC/project_1/project_1.gen/sources_1/bd/design_1/ipshared/18bb/hdl/key_expansion.v:113]
WARNING: [Synth 8-7137] Register W_reg[25] in module key_expansion has both Set and reset with same priority. This may cause simulation mismatches. Consider rewriting code  [/media/user23/data/TRNG/TRNG_SOC/project_1/project_1.gen/sources_1/bd/design_1/ipshared/18bb/hdl/key_expansion.v:113]
WARNING: [Synth 8-7137] Register W_reg[26] in module key_expansion has both Set and reset with same priority. This may cause simulation mismatches. Consider rewriting code  [/media/user23/data/TRNG/TRNG_SOC/project_1/project_1.gen/sources_1/bd/design_1/ipshared/18bb/hdl/key_expansion.v:113]
WARNING: [Synth 8-7137] Register W_reg[27] in module key_expansion has both Set and reset with same priority. This may cause simulation mismatches. Consider rewriting code  [/media/user23/data/TRNG/TRNG_SOC/project_1/project_1.gen/sources_1/bd/design_1/ipshared/18bb/hdl/key_expansion.v:113]
WARNING: [Synth 8-7137] Register W_reg[28] in module key_expansion has both Set and reset with same priority. This may cause simulation mismatches. Consider rewriting code  [/media/user23/data/TRNG/TRNG_SOC/project_1/project_1.gen/sources_1/bd/design_1/ipshared/18bb/hdl/key_expansion.v:113]
WARNING: [Synth 8-7137] Register W_reg[29] in module key_expansion has both Set and reset with same priority. This may cause simulation mismatches. Consider rewriting code  [/media/user23/data/TRNG/TRNG_SOC/project_1/project_1.gen/sources_1/bd/design_1/ipshared/18bb/hdl/key_expansion.v:113]
WARNING: [Synth 8-7137] Register W_reg[30] in module key_expansion has both Set and reset with same priority. This may cause simulation mismatches. Consider rewriting code  [/media/user23/data/TRNG/TRNG_SOC/project_1/project_1.gen/sources_1/bd/design_1/ipshared/18bb/hdl/key_expansion.v:113]
WARNING: [Synth 8-7137] Register W_reg[31] in module key_expansion has both Set and reset with same priority. This may cause simulation mismatches. Consider rewriting code  [/media/user23/data/TRNG/TRNG_SOC/project_1/project_1.gen/sources_1/bd/design_1/ipshared/18bb/hdl/key_expansion.v:113]
WARNING: [Synth 8-7137] Register W_reg[32] in module key_expansion has both Set and reset with same priority. This may cause simulation mismatches. Consider rewriting code  [/media/user23/data/TRNG/TRNG_SOC/project_1/project_1.gen/sources_1/bd/design_1/ipshared/18bb/hdl/key_expansion.v:113]
WARNING: [Synth 8-7137] Register W_reg[33] in module key_expansion has both Set and reset with same priority. This may cause simulation mismatches. Consider rewriting code  [/media/user23/data/TRNG/TRNG_SOC/project_1/project_1.gen/sources_1/bd/design_1/ipshared/18bb/hdl/key_expansion.v:113]
WARNING: [Synth 8-7137] Register W_reg[34] in module key_expansion has both Set and reset with same priority. This may cause simulation mismatches. Consider rewriting code  [/media/user23/data/TRNG/TRNG_SOC/project_1/project_1.gen/sources_1/bd/design_1/ipshared/18bb/hdl/key_expansion.v:113]
WARNING: [Synth 8-7137] Register W_reg[35] in module key_expansion has both Set and reset with same priority. This may cause simulation mismatches. Consider rewriting code  [/media/user23/data/TRNG/TRNG_SOC/project_1/project_1.gen/sources_1/bd/design_1/ipshared/18bb/hdl/key_expansion.v:113]
WARNING: [Synth 8-7137] Register W_reg[36] in module key_expansion has both Set and reset with same priority. This may cause simulation mismatches. Consider rewriting code  [/media/user23/data/TRNG/TRNG_SOC/project_1/project_1.gen/sources_1/bd/design_1/ipshared/18bb/hdl/key_expansion.v:113]
WARNING: [Synth 8-7137] Register W_reg[37] in module key_expansion has both Set and reset with same priority. This may cause simulation mismatches. Consider rewriting code  [/media/user23/data/TRNG/TRNG_SOC/project_1/project_1.gen/sources_1/bd/design_1/ipshared/18bb/hdl/key_expansion.v:113]
WARNING: [Synth 8-7137] Register W_reg[38] in module key_expansion has both Set and reset with same priority. This may cause simulation mismatches. Consider rewriting code  [/media/user23/data/TRNG/TRNG_SOC/project_1/project_1.gen/sources_1/bd/design_1/ipshared/18bb/hdl/key_expansion.v:113]
WARNING: [Synth 8-7137] Register W_reg[39] in module key_expansion has both Set and reset with same priority. This may cause simulation mismatches. Consider rewriting code  [/media/user23/data/TRNG/TRNG_SOC/project_1/project_1.gen/sources_1/bd/design_1/ipshared/18bb/hdl/key_expansion.v:113]
WARNING: [Synth 8-7137] Register W_reg[40] in module key_expansion has both Set and reset with same priority. This may cause simulation mismatches. Consider rewriting code  [/media/user23/data/TRNG/TRNG_SOC/project_1/project_1.gen/sources_1/bd/design_1/ipshared/18bb/hdl/key_expansion.v:113]
WARNING: [Synth 8-7137] Register W_reg[41] in module key_expansion has both Set and reset with same priority. This may cause simulation mismatches. Consider rewriting code  [/media/user23/data/TRNG/TRNG_SOC/project_1/project_1.gen/sources_1/bd/design_1/ipshared/18bb/hdl/key_expansion.v:113]
WARNING: [Synth 8-7137] Register W_reg[42] in module key_expansion has both Set and reset with same priority. This may cause simulation mismatches. Consider rewriting code  [/media/user23/data/TRNG/TRNG_SOC/project_1/project_1.gen/sources_1/bd/design_1/ipshared/18bb/hdl/key_expansion.v:113]
WARNING: [Synth 8-7137] Register W_reg[43] in module key_expansion has both Set and reset with same priority. This may cause simulation mismatches. Consider rewriting code  [/media/user23/data/TRNG/TRNG_SOC/project_1/project_1.gen/sources_1/bd/design_1/ipshared/18bb/hdl/key_expansion.v:113]
WARNING: [Synth 8-7137] Register W_reg[44] in module key_expansion has both Set and reset with same priority. This may cause simulation mismatches. Consider rewriting code  [/media/user23/data/TRNG/TRNG_SOC/project_1/project_1.gen/sources_1/bd/design_1/ipshared/18bb/hdl/key_expansion.v:113]
WARNING: [Synth 8-7137] Register W_reg[45] in module key_expansion has both Set and reset with same priority. This may cause simulation mismatches. Consider rewriting code  [/media/user23/data/TRNG/TRNG_SOC/project_1/project_1.gen/sources_1/bd/design_1/ipshared/18bb/hdl/key_expansion.v:113]
WARNING: [Synth 8-7137] Register W_reg[46] in module key_expansion has both Set and reset with same priority. This may cause simulation mismatches. Consider rewriting code  [/media/user23/data/TRNG/TRNG_SOC/project_1/project_1.gen/sources_1/bd/design_1/ipshared/18bb/hdl/key_expansion.v:113]
WARNING: [Synth 8-7137] Register W_reg[47] in module key_expansion has both Set and reset with same priority. This may cause simulation mismatches. Consider rewriting code  [/media/user23/data/TRNG/TRNG_SOC/project_1/project_1.gen/sources_1/bd/design_1/ipshared/18bb/hdl/key_expansion.v:113]
WARNING: [Synth 8-7137] Register W_reg[48] in module key_expansion has both Set and reset with same priority. This may cause simulation mismatches. Consider rewriting code  [/media/user23/data/TRNG/TRNG_SOC/project_1/project_1.gen/sources_1/bd/design_1/ipshared/18bb/hdl/key_expansion.v:113]
WARNING: [Synth 8-7137] Register W_reg[49] in module key_expansion has both Set and reset with same priority. This may cause simulation mismatches. Consider rewriting code  [/media/user23/data/TRNG/TRNG_SOC/project_1/project_1.gen/sources_1/bd/design_1/ipshared/18bb/hdl/key_expansion.v:113]
WARNING: [Synth 8-7137] Register W_reg[50] in module key_expansion has both Set and reset with same priority. This may cause simulation mismatches. Consider rewriting code  [/media/user23/data/TRNG/TRNG_SOC/project_1/project_1.gen/sources_1/bd/design_1/ipshared/18bb/hdl/key_expansion.v:113]
WARNING: [Synth 8-7137] Register W_reg[51] in module key_expansion has both Set and reset with same priority. This may cause simulation mismatches. Consider rewriting code  [/media/user23/data/TRNG/TRNG_SOC/project_1/project_1.gen/sources_1/bd/design_1/ipshared/18bb/hdl/key_expansion.v:113]
WARNING: [Synth 8-7137] Register W_reg[52] in module key_expansion has both Set and reset with same priority. This may cause simulation mismatches. Consider rewriting code  [/media/user23/data/TRNG/TRNG_SOC/project_1/project_1.gen/sources_1/bd/design_1/ipshared/18bb/hdl/key_expansion.v:113]
WARNING: [Synth 8-7137] Register W_reg[53] in module key_expansion has both Set and reset with same priority. This may cause simulation mismatches. Consider rewriting code  [/media/user23/data/TRNG/TRNG_SOC/project_1/project_1.gen/sources_1/bd/design_1/ipshared/18bb/hdl/key_expansion.v:113]
WARNING: [Synth 8-7137] Register W_reg[54] in module key_expansion has both Set and reset with same priority. This may cause simulation mismatches. Consider rewriting code  [/media/user23/data/TRNG/TRNG_SOC/project_1/project_1.gen/sources_1/bd/design_1/ipshared/18bb/hdl/key_expansion.v:113]
WARNING: [Synth 8-7137] Register W_reg[55] in module key_expansion has both Set and reset with same priority. This may cause simulation mismatches. Consider rewriting code  [/media/user23/data/TRNG/TRNG_SOC/project_1/project_1.gen/sources_1/bd/design_1/ipshared/18bb/hdl/key_expansion.v:113]
WARNING: [Synth 8-7137] Register W_reg[56] in module key_expansion has both Set and reset with same priority. This may cause simulation mismatches. Consider rewriting code  [/media/user23/data/TRNG/TRNG_SOC/project_1/project_1.gen/sources_1/bd/design_1/ipshared/18bb/hdl/key_expansion.v:113]
WARNING: [Synth 8-7137] Register W_reg[57] in module key_expansion has both Set and reset with same priority. This may cause simulation mismatches. Consider rewriting code  [/media/user23/data/TRNG/TRNG_SOC/project_1/project_1.gen/sources_1/bd/design_1/ipshared/18bb/hdl/key_expansion.v:113]
WARNING: [Synth 8-7137] Register W_reg[58] in module key_expansion has both Set and reset with same priority. This may cause simulation mismatches. Consider rewriting code  [/media/user23/data/TRNG/TRNG_SOC/project_1/project_1.gen/sources_1/bd/design_1/ipshared/18bb/hdl/key_expansion.v:113]
WARNING: [Synth 8-7137] Register W_reg[59] in module key_expansion has both Set and reset with same priority. This may cause simulation mismatches. Consider rewriting code  [/media/user23/data/TRNG/TRNG_SOC/project_1/project_1.gen/sources_1/bd/design_1/ipshared/18bb/hdl/key_expansion.v:113]
WARNING: [Synth 8-7129] Port S_AXI_AWPROT[2] in module aes256_decrypt_slave_lite_v1_0_S00_AXI is either unconnected or has no load
WARNING: [Synth 8-7129] Port S_AXI_AWPROT[1] in module aes256_decrypt_slave_lite_v1_0_S00_AXI is either unconnected or has no load
WARNING: [Synth 8-7129] Port S_AXI_AWPROT[0] in module aes256_decrypt_slave_lite_v1_0_S00_AXI is either unconnected or has no load
WARNING: [Synth 8-7129] Port S_AXI_ARPROT[2] in module aes256_decrypt_slave_lite_v1_0_S00_AXI is either unconnected or has no load
WARNING: [Synth 8-7129] Port S_AXI_ARPROT[1] in module aes256_decrypt_slave_lite_v1_0_S00_AXI is either unconnected or has no load
WARNING: [Synth 8-7129] Port S_AXI_ARPROT[0] in module aes256_decrypt_slave_lite_v1_0_S00_AXI is either unconnected or has no load
---------------------------------------------------------------------------------
Finished RTL Elaboration : Time (s): cpu = 00:00:04 ; elapsed = 00:00:04 . Memory (MB): peak = 2000.426 ; gain = 518.828 ; free physical = 594 ; free virtual = 36144
---------------------------------------------------------------------------------
---------------------------------------------------------------------------------
Start Handling Custom Attributes
---------------------------------------------------------------------------------
---------------------------------------------------------------------------------
Finished Handling Custom Attributes : Time (s): cpu = 00:00:04 ; elapsed = 00:00:04 . Memory (MB): peak = 2009.332 ; gain = 527.734 ; free physical = 586 ; free virtual = 36140
---------------------------------------------------------------------------------
---------------------------------------------------------------------------------
Finished RTL Optimization Phase 1 : Time (s): cpu = 00:00:04 ; elapsed = 00:00:04 . Memory (MB): peak = 2009.332 ; gain = 527.734 ; free physical = 586 ; free virtual = 36140
---------------------------------------------------------------------------------
Netlist sorting complete. Time (s): cpu = 00:00:00.04 ; elapsed = 00:00:00.03 . Memory (MB): peak = 2009.332 ; gain = 0.000 ; free physical = 629 ; free virtual = 36131
INFO: [Project 1-570] Preparing netlist for logic optimization

Processing XDC Constraints
Initializing timing engine
Completed Processing XDC Constraints

Netlist sorting complete. Time (s): cpu = 00:00:00 ; elapsed = 00:00:00 . Memory (MB): peak = 2148.082 ; gain = 0.000 ; free physical = 533 ; free virtual = 36041
INFO: [Project 1-111] Unisim Transformation Summary:
No Unisim elements were transformed.

Constraint Validation Runtime : Time (s): cpu = 00:00:00.15 ; elapsed = 00:00:00.04 . Memory (MB): peak = 2148.082 ; gain = 0.000 ; free physical = 533 ; free virtual = 36045
INFO: [Designutils 20-5008] Incremental synthesis strategy off
---------------------------------------------------------------------------------
Finished Constraint Validation : Time (s): cpu = 00:00:08 ; elapsed = 00:00:08 . Memory (MB): peak = 2148.082 ; gain = 666.484 ; free physical = 488 ; free virtual = 36012
---------------------------------------------------------------------------------
---------------------------------------------------------------------------------
Start Loading Part and Timing Information
---------------------------------------------------------------------------------
Loading part: xc7z020clg400-1
---------------------------------------------------------------------------------
Finished Loading Part and Timing Information : Time (s): cpu = 00:00:08 ; elapsed = 00:00:08 . Memory (MB): peak = 2156.086 ; gain = 674.488 ; free physical = 488 ; free virtual = 36012
---------------------------------------------------------------------------------
---------------------------------------------------------------------------------
Start Applying 'set_property' XDC Constraints
---------------------------------------------------------------------------------
---------------------------------------------------------------------------------
Finished applying 'set_property' XDC Constraints : Time (s): cpu = 00:00:08 ; elapsed = 00:00:08 . Memory (MB): peak = 2156.086 ; gain = 674.488 ; free physical = 488 ; free virtual = 36014
---------------------------------------------------------------------------------
INFO: [Synth 8-802] inferred FSM for state register 'state_reg' in module 'key_expansion'
INFO: [Synth 8-802] inferred FSM for state register 'state_reg' in module 'aes256_dec_core'
WARNING: [Synth 8-3936] Found unconnected internal register 'axi_araddr_reg' and it is trimmed from '7' to '6' bits. [/media/user23/data/TRNG/TRNG_SOC/project_1/project_1.gen/sources_1/bd/design_1/ipshared/18bb/hdl/aes256_decrypt_slave_lite_v1_0_S00_AXI.v:180]
INFO: [Synth 8-802] inferred FSM for state register 'state_write_reg' in module 'aes256_decrypt_slave_lite_v1_0_S00_AXI'
INFO: [Synth 8-802] inferred FSM for state register 'state_read_reg' in module 'aes256_decrypt_slave_lite_v1_0_S00_AXI'
---------------------------------------------------------------------------------------------------
                   State |                     New Encoding |                Previous Encoding 
---------------------------------------------------------------------------------------------------
                    IDLE |                              001 |                               00
                  EXPAND |                              010 |                               01
                    DONE |                              100 |                               10
---------------------------------------------------------------------------------------------------
INFO: [Synth 8-3354] encoded FSM with state register 'state_reg' using encoding 'one-hot' in module 'key_expansion'
---------------------------------------------------------------------------------------------------
                   State |                     New Encoding |                Previous Encoding 
---------------------------------------------------------------------------------------------------
              WAIT_READY |                        000000001 |                             0000
                WAIT_KEY |                        000000010 |                             0001
              KEY_EXPAND |                        000000100 |                             0010
                   READY |                        000001000 |                             0011
                INIT_ARK |                        000010000 |                             0100
               ROUND_ARK |                        000100000 |                             0101
              ROUND_IMIX |                        001000000 |                             0110
               FINAL_ARK |                        010000000 |                             0111
                  OUTPUT |                        100000000 |                             1000
---------------------------------------------------------------------------------------------------
INFO: [Synth 8-3354] encoded FSM with state register 'state_reg' using encoding 'one-hot' in module 'aes256_dec_core'
---------------------------------------------------------------------------------------------------
                   State |                     New Encoding |                Previous Encoding 
---------------------------------------------------------------------------------------------------
                    Idle |                               00 |                               00
                   Waddr |                               01 |                               10
                   Wdata |                               10 |                               11
---------------------------------------------------------------------------------------------------
INFO: [Synth 8-3354] encoded FSM with state register 'state_write_reg' using encoding 'sequential' in module 'aes256_decrypt_slave_lite_v1_0_S00_AXI'
---------------------------------------------------------------------------------------------------
                   State |                     New Encoding |                Previous Encoding 
---------------------------------------------------------------------------------------------------
                    Idle |                               00 |                               00
                   Raddr |                               01 |                               10
                   Rdata |                               10 |                               11
---------------------------------------------------------------------------------------------------
INFO: [Synth 8-3354] encoded FSM with state register 'state_read_reg' using encoding 'sequential' in module 'aes256_decrypt_slave_lite_v1_0_S00_AXI'
---------------------------------------------------------------------------------
Finished RTL Optimization Phase 2 : Time (s): cpu = 00:00:09 ; elapsed = 00:00:09 . Memory (MB): peak = 2156.086 ; gain = 674.488 ; free physical = 513 ; free virtual = 36023
---------------------------------------------------------------------------------
---------------------------------------------------------------------------------
Start RTL Component Statistics 
---------------------------------------------------------------------------------
Detailed RTL Component Info : 
+---Adders : 
	   2 Input    6 Bit       Adders := 1     
	   2 Input    4 Bit       Adders := 2     
+---XORs : 
	   2 Input    128 Bit         XORs := 1     
	   2 Input     32 Bit         XORs := 3     
	   2 Input      8 Bit         XORs := 70    
	   4 Input      8 Bit         XORs := 1     
	   3 Input      8 Bit         XORs := 2     
	   7 Input      8 Bit         XORs := 2     
	   5 Input      8 Bit         XORs := 3     
	   9 Input      8 Bit         XORs := 1     
	   8 Input      8 Bit         XORs := 10    
+---Registers : 
	              256 Bit    Registers := 1     
	              128 Bit    Registers := 3     
	               32 Bit    Registers := 65    
	                7 Bit    Registers := 1     
	                6 Bit    Registers := 2     
	                4 Bit    Registers := 3     
	                2 Bit    Registers := 1     
	                1 Bit    Registers := 13    
+---Muxes : 
	   9 Input  256 Bit        Muxes := 2     
	   9 Input  128 Bit        Muxes := 1     
	   4 Input  128 Bit        Muxes := 1     
	   3 Input   32 Bit        Muxes := 9     
	   2 Input   32 Bit        Muxes := 11    
	   6 Input   32 Bit        Muxes := 5     
	   8 Input   31 Bit        Muxes := 1     
	   9 Input    9 Bit        Muxes := 1     
	   2 Input    9 Bit        Muxes := 2     
	   2 Input    8 Bit        Muxes := 48    
	   3 Input    6 Bit        Muxes := 1     
	   2 Input    4 Bit        Muxes := 2     
	   9 Input    4 Bit        Muxes := 2     
	   3 Input    2 Bit        Muxes := 2     
	   2 Input    2 Bit        Muxes := 5     
	   2 Input    1 Bit        Muxes := 64    
	   3 Input    1 Bit        Muxes := 76    
	   9 Input    1 Bit        Muxes := 10    
	  10 Input    1 Bit        Muxes := 1     
---------------------------------------------------------------------------------
Finished RTL Component Statistics 
---------------------------------------------------------------------------------
---------------------------------------------------------------------------------
Start Part Resource Summary
---------------------------------------------------------------------------------
Part Resources:
DSPs: 220 (col length:60)
BRAMs: 280 (col length: RAMB18 60 RAMB36 30)
---------------------------------------------------------------------------------
Finished Part Resource Summary
---------------------------------------------------------------------------------
---------------------------------------------------------------------------------
Start Cross Boundary and Area Optimization
---------------------------------------------------------------------------------
WARNING: [Synth 8-7080] Parallel synthesis criteria is not met
INFO: [Synth 8-3917] design design_1_aes256_decrypt_0_0 has port bram_addra[31] driven by constant 0
INFO: [Synth 8-3917] design design_1_aes256_decrypt_0_0 has port bram_addra[30] driven by constant 0
INFO: [Synth 8-3917] design design_1_aes256_decrypt_0_0 has port bram_addra[29] driven by constant 0
INFO: [Synth 8-3917] design design_1_aes256_decrypt_0_0 has port bram_addra[28] driven by constant 0
INFO: [Synth 8-3917] design design_1_aes256_decrypt_0_0 has port bram_addra[27] driven by constant 0
INFO: [Synth 8-3917] design design_1_aes256_decrypt_0_0 has port bram_addra[26] driven by constant 0
INFO: [Synth 8-3917] design design_1_aes256_decrypt_0_0 has port bram_addra[25] driven by constant 0
INFO: [Synth 8-3917] design design_1_aes256_decrypt_0_0 has port bram_addra[24] driven by constant 0
INFO: [Synth 8-3917] design design_1_aes256_decrypt_0_0 has port bram_addra[23] driven by constant 0
INFO: [Synth 8-3917] design design_1_aes256_decrypt_0_0 has port bram_addra[22] driven by constant 0
INFO: [Synth 8-3917] design design_1_aes256_decrypt_0_0 has port bram_addra[21] driven by constant 0
INFO: [Synth 8-3917] design design_1_aes256_decrypt_0_0 has port bram_addra[20] driven by constant 0
INFO: [Synth 8-3917] design design_1_aes256_decrypt_0_0 has port bram_addra[19] driven by constant 0
INFO: [Synth 8-3917] design design_1_aes256_decrypt_0_0 has port bram_addra[18] driven by constant 0
INFO: [Synth 8-3917] design design_1_aes256_decrypt_0_0 has port bram_addra[17] driven by constant 0
INFO: [Synth 8-3917] design design_1_aes256_decrypt_0_0 has port bram_addra[16] driven by constant 0
INFO: [Synth 8-3917] design design_1_aes256_decrypt_0_0 has port bram_addra[15] driven by constant 0
INFO: [Synth 8-3917] design design_1_aes256_decrypt_0_0 has port bram_addra[14] driven by constant 0
INFO: [Synth 8-3917] design design_1_aes256_decrypt_0_0 has port bram_addra[13] driven by constant 0
INFO: [Synth 8-3917] design design_1_aes256_decrypt_0_0 has port bram_addra[12] driven by constant 0
INFO: [Synth 8-3917] design design_1_aes256_decrypt_0_0 has port bram_addra[11] driven by constant 0
INFO: [Synth 8-3917] design design_1_aes256_decrypt_0_0 has port bram_addra[10] driven by constant 0
INFO: [Synth 8-3917] design design_1_aes256_decrypt_0_0 has port bram_addra[9] driven by constant 0
INFO: [Synth 8-3917] design design_1_aes256_decrypt_0_0 has port bram_addra[8] driven by constant 0
INFO: [Synth 8-3917] design design_1_aes256_decrypt_0_0 has port bram_addra[7] driven by constant 0
INFO: [Synth 8-3917] design design_1_aes256_decrypt_0_0 has port bram_addra[6] driven by constant 0
INFO: [Synth 8-3917] design design_1_aes256_decrypt_0_0 has port bram_addra[5] driven by constant 0
INFO: [Synth 8-3917] design design_1_aes256_decrypt_0_0 has port bram_addra[1] driven by constant 0
INFO: [Synth 8-3917] design design_1_aes256_decrypt_0_0 has port bram_addra[0] driven by constant 0
WARNING: [Synth 8-7129] Port s00_axi_awprot[2] in module design_1_aes256_decrypt_0_0 is either unconnected or has no load
WARNING: [Synth 8-7129] Port s00_axi_awprot[1] in module design_1_aes256_decrypt_0_0 is either unconnected or has no load
WARNING: [Synth 8-7129] Port s00_axi_awprot[0] in module design_1_aes256_decrypt_0_0 is either unconnected or has no load
WARNING: [Synth 8-7129] Port s00_axi_araddr[6] in module design_1_aes256_decrypt_0_0 is either unconnected or has no load
WARNING: [Synth 8-7129] Port s00_axi_arprot[2] in module design_1_aes256_decrypt_0_0 is either unconnected or has no load
WARNING: [Synth 8-7129] Port s00_axi_arprot[1] in module design_1_aes256_decrypt_0_0 is either unconnected or has no load
WARNING: [Synth 8-7129] Port s00_axi_arprot[0] in module design_1_aes256_decrypt_0_0 is either unconnected or has no load
---------------------------------------------------------------------------------
Finished Cross Boundary and Area Optimization : Time (s): cpu = 00:00:21 ; elapsed = 00:00:21 . Memory (MB): peak = 2182.086 ; gain = 700.488 ; free physical = 254 ; free virtual = 35458
---------------------------------------------------------------------------------
---------------------------------------------------------------------------------
Start ROM, RAM, DSP, Shift Register and Retiming Reporting
---------------------------------------------------------------------------------

ROM: Preliminary Mapping Report
+--------------+------------+---------------+----------------+
|Module Name   | RTL Object | Depth x Width | Implemented As | 
+--------------+------------+---------------+----------------+
|s_box         | sbox       | 256x8         | LUT            | 
|inv_sub_bytes | inv_sbox14 | 256x8         | LUT            | 
|inv_sub_bytes | inv_sbox13 | 256x8         | LUT            | 
|inv_sub_bytes | inv_sbox12 | 256x8         | LUT            | 
|inv_sub_bytes | inv_sbox11 | 256x8         | LUT            | 
|inv_sub_bytes | inv_sbox10 | 256x8         | LUT            | 
|inv_sub_bytes | inv_sbox9  | 256x8         | LUT            | 
|inv_sub_bytes | inv_sbox8  | 256x8         | LUT            | 
|inv_sub_bytes | inv_sbox7  | 256x8         | LUT            | 
|inv_sub_bytes | inv_sbox6  | 256x8         | LUT            | 
|inv_sub_bytes | inv_sbox5  | 256x8         | LUT            | 
|inv_sub_bytes | inv_sbox4  | 256x8         | LUT            | 
|inv_sub_bytes | inv_sbox3  | 256x8         | LUT            | 
|inv_sub_bytes | inv_sbox2  | 256x8         | LUT            | 
|inv_sub_bytes | inv_sbox1  | 256x8         | LUT            | 
|inv_sub_bytes | inv_sbox0  | 256x8         | LUT            | 
|inv_sub_bytes | inv_sbox   | 256x8         | LUT            | 
|key_expansion | u_sb3/sbox | 256x8         | LUT            | 
|key_expansion | u_sb2/sbox | 256x8         | LUT            | 
|key_expansion | u_sb1/sbox | 256x8         | LUT            | 
|key_expansion | u_sb0/sbox | 256x8         | LUT            | 
|inv_sub_bytes | inv_sbox9  | 256x8         | LUT            | 
|inv_sub_bytes | inv_sbox8  | 256x8         | LUT            | 
|inv_sub_bytes | inv_sbox7  | 256x8         | LUT            | 
|inv_sub_bytes | inv_sbox6  | 256x8         | LUT            | 
|inv_sub_bytes | inv_sbox5  | 256x8         | LUT            | 
|inv_sub_bytes | inv_sbox3  | 256x8         | LUT            | 
|inv_sub_bytes | inv_sbox2  | 256x8         | LUT            | 
|inv_sub_bytes | inv_sbox1  | 256x8         | LUT            | 
|inv_sub_bytes | inv_sbox0  | 256x8         | LUT            | 
|inv_sub_bytes | inv_sbox   | 256x8         | LUT            | 
+--------------+------------+---------------+----------------+

---------------------------------------------------------------------------------
Finished ROM, RAM, DSP, Shift Register and Retiming Reporting
---------------------------------------------------------------------------------
---------------------------------------------------------------------------------
Start Applying XDC Timing Constraints
---------------------------------------------------------------------------------
---------------------------------------------------------------------------------
Finished Applying XDC Timing Constraints : Time (s): cpu = 00:00:24 ; elapsed = 00:00:24 . Memory (MB): peak = 2192.086 ; gain = 710.488 ; free physical = 425 ; free virtual = 35409
---------------------------------------------------------------------------------
---------------------------------------------------------------------------------
Start Timing Optimization
---------------------------------------------------------------------------------
---------------------------------------------------------------------------------
Finished Timing Optimization : Time (s): cpu = 00:00:24 ; elapsed = 00:00:25 . Memory (MB): peak = 2196.086 ; gain = 714.488 ; free physical = 362 ; free virtual = 35394
---------------------------------------------------------------------------------
---------------------------------------------------------------------------------
Start Technology Mapping
---------------------------------------------------------------------------------
---------------------------------------------------------------------------------
Finished Technology Mapping : Time (s): cpu = 00:00:25 ; elapsed = 00:00:25 . Memory (MB): peak = 2217.133 ; gain = 735.535 ; free physical = 346 ; free virtual = 35359
---------------------------------------------------------------------------------
---------------------------------------------------------------------------------
Start IO Insertion
---------------------------------------------------------------------------------
---------------------------------------------------------------------------------
Start Flattening Before IO Insertion
---------------------------------------------------------------------------------
---------------------------------------------------------------------------------
Finished Flattening Before IO Insertion
---------------------------------------------------------------------------------
---------------------------------------------------------------------------------
Start Final Netlist Cleanup
---------------------------------------------------------------------------------
---------------------------------------------------------------------------------
Finished Final Netlist Cleanup
---------------------------------------------------------------------------------
---------------------------------------------------------------------------------
Finished IO Insertion : Time (s): cpu = 00:00:27 ; elapsed = 00:00:27 . Memory (MB): peak = 2362.945 ; gain = 881.348 ; free physical = 425 ; free virtual = 35311
---------------------------------------------------------------------------------
---------------------------------------------------------------------------------
Start Renaming Generated Instances
---------------------------------------------------------------------------------
---------------------------------------------------------------------------------
Finished Renaming Generated Instances : Time (s): cpu = 00:00:27 ; elapsed = 00:00:27 . Memory (MB): peak = 2362.945 ; gain = 881.348 ; free physical = 417 ; free virtual = 35303
---------------------------------------------------------------------------------
---------------------------------------------------------------------------------
Start Rebuilding User Hierarchy
---------------------------------------------------------------------------------
---------------------------------------------------------------------------------
Finished Rebuilding User Hierarchy : Time (s): cpu = 00:00:27 ; elapsed = 00:00:27 . Memory (MB): peak = 2362.945 ; gain = 881.348 ; free physical = 409 ; free virtual = 35304
---------------------------------------------------------------------------------
---------------------------------------------------------------------------------
Start Renaming Generated Ports
---------------------------------------------------------------------------------
---------------------------------------------------------------------------------
Finished Renaming Generated Ports : Time (s): cpu = 00:00:27 ; elapsed = 00:00:27 . Memory (MB): peak = 2362.945 ; gain = 881.348 ; free physical = 407 ; free virtual = 35304
---------------------------------------------------------------------------------
---------------------------------------------------------------------------------
Start Handling Custom Attributes
---------------------------------------------------------------------------------
---------------------------------------------------------------------------------
Finished Handling Custom Attributes : Time (s): cpu = 00:00:27 ; elapsed = 00:00:27 . Memory (MB): peak = 2362.945 ; gain = 881.348 ; free physical = 380 ; free virtual = 35304
---------------------------------------------------------------------------------
---------------------------------------------------------------------------------
Start Renaming Generated Nets
---------------------------------------------------------------------------------
---------------------------------------------------------------------------------
Finished Renaming Generated Nets : Time (s): cpu = 00:00:27 ; elapsed = 00:00:27 . Memory (MB): peak = 2362.945 ; gain = 881.348 ; free physical = 378 ; free virtual = 35304
---------------------------------------------------------------------------------
---------------------------------------------------------------------------------
Start Writing Synthesis Report
---------------------------------------------------------------------------------

Report BlackBoxes: 
+-+--------------+----------+
| |BlackBox name |Instances |
+-+--------------+----------+
+-+--------------+----------+

Report Cell Usage: 
+------+------+------+
|      |Cell  |Count |
+------+------+------+
|1     |LUT1  |     1|
|2     |LUT2  |   513|
|3     |LUT3  |    69|
|4     |LUT4  |    69|
|5     |LUT5  |   310|
|6     |LUT6  |  3005|
|7     |MUXF7 |   967|
|8     |MUXF8 |   192|
|9     |FDCE  |   688|
|10    |FDPE  |     4|
|11    |FDRE  |  2097|
+------+------+------+
---------------------------------------------------------------------------------
Finished Writing Synthesis Report : Time (s): cpu = 00:00:27 ; elapsed = 00:00:28 . Memory (MB): peak = 2362.945 ; gain = 881.348 ; free physical = 378 ; free virtual = 35304
---------------------------------------------------------------------------------
Synthesis finished with 0 errors, 0 critical warnings and 9 warnings.
Synthesis Optimization Runtime : Time (s): cpu = 00:00:26 ; elapsed = 00:00:26 . Memory (MB): peak = 2362.945 ; gain = 742.598 ; free physical = 374 ; free virtual = 35304
Synthesis Optimization Complete : Time (s): cpu = 00:00:27 ; elapsed = 00:00:28 . Memory (MB): peak = 2362.953 ; gain = 881.348 ; free physical = 374 ; free virtual = 35304
INFO: [Project 1-571] Translating synthesized netlist
Netlist sorting complete. Time (s): cpu = 00:00:00.03 ; elapsed = 00:00:00.03 . Memory (MB): peak = 2362.953 ; gain = 0.000 ; free physical = 527 ; free virtual = 35469
INFO: [Netlist 29-17] Analyzing 1159 Unisim elements for replacement
INFO: [Netlist 29-28] Unisim Transformation completed in 0 CPU seconds
INFO: [Project 1-570] Preparing netlist for logic optimization
INFO: [Opt 31-138] Pushed 0 inverter(s) to 0 load pin(s).
Netlist sorting complete. Time (s): cpu = 00:00:00 ; elapsed = 00:00:00 . Memory (MB): peak = 2418.973 ; gain = 0.000 ; free physical = 513 ; free virtual = 35469
INFO: [Project 1-111] Unisim Transformation Summary:
No Unisim elements were transformed.

Synth Design complete | Checksum: ea243e4f
INFO: [Common 17-83] Releasing license: Synthesis
97 Infos, 75 Warnings, 0 Critical Warnings and 0 Errors encountered.
synth_design completed successfully
synth_design: Time (s): cpu = 00:00:32 ; elapsed = 00:00:31 . Memory (MB): peak = 2418.973 ; gain = 945.379 ; free physical = 560 ; free virtual = 35466
INFO: [Common 17-2834] synth_design peak Physical Memory [PSS] (MB): overall = 1448.491; main = 1413.206; forked = 209.586
INFO: [Common 17-2834] synth_design peak Virtual Memory [VSS] (MB): overall = 3102.992; main = 2418.977; forked = 920.902
Write ShapeDB Complete: Time (s): cpu = 00:00:00.03 ; elapsed = 00:00:00.02 . Memory (MB): peak = 2442.984 ; gain = 0.000 ; free physical = 558 ; free virtual = 35468
INFO: [Common 17-1381] The checkpoint '/media/user23/data/TRNG/TRNG_SOC/project_1/project_1.runs/design_1_aes256_decrypt_0_0_synth_1/design_1_aes256_decrypt_0_0.dcp' has been generated.
INFO: [Coretcl 2-1648] Added synthesis output to IP cache for IP design_1_aes256_decrypt_0_0, cache-ID = cf8eead174ff129d
INFO: [Coretcl 2-1174] Renamed 10 cell refs.
Write ShapeDB Complete: Time (s): cpu = 00:00:00.02 ; elapsed = 00:00:00.01 . Memory (MB): peak = 2442.984 ; gain = 0.000 ; free physical = 512 ; free virtual = 35459
INFO: [Common 17-1381] The checkpoint '/media/user23/data/TRNG/TRNG_SOC/project_1/project_1.runs/design_1_aes256_decrypt_0_0_synth_1/design_1_aes256_decrypt_0_0.dcp' has been generated.
INFO: [Vivado 12-24828] Executing command : report_utilization -file design_1_aes256_decrypt_0_0_utilization_synth.rpt -pb design_1_aes256_decrypt_0_0_utilization_synth.pb
INFO: [Common 17-206] Exiting Vivado at Wed Apr  1 16:00:40 2026...
