
*** Running vivado
    with args -log design_1_aes256_encrypt_0_1.vds -m64 -product Vivado -mode batch -messageDb vivado.pb -notrace -source design_1_aes256_encrypt_0_1.tcl


****** Vivado v2024.2 (64-bit)
  **** SW Build 5239630 on Fri Nov 08 22:34:34 MST 2024
  **** IP Build 5239520 on Sun Nov 10 16:12:51 MST 2024
  **** SharedData Build 5239561 on Fri Nov 08 14:39:27 MST 2024
  **** Start of session at: Thu Apr  2 14:40:23 2026
    ** Copyright 1986-2022 Xilinx, Inc. All Rights Reserved.
    ** Copyright 2022-2024 Advanced Micro Devices, Inc. All Rights Reserved.

source design_1_aes256_encrypt_0_1.tcl -notrace
INFO: [IP_Flow 19-234] Refreshing IP repositories
INFO: [IP_Flow 19-1700] Loaded user IP repository '/media/user23/data/TRNG/TRNG_SOC/aes256_decrypt/aes256_decrypt_1_0'.
INFO: [IP_Flow 19-1700] Loaded user IP repository '/media/user23/data/TRNG/TRNG_SOC/ip_repo/trng256_generator/myip_trng256_1_0'.
INFO: [IP_Flow 19-1700] Loaded user IP repository '/media/user23/data/TRNG/TRNG_SOC/aes256_encrypt'.
INFO: [IP_Flow 19-2313] Loaded Vivado IP repository '/media/user23/data/tools/xilinx/Vivado/2024.2/data/ip'.
INFO: [IP_Flow 19-6924] IPCACHE: Running cache check for IP inst: design_1_aes256_encrypt_0_1
Command: synth_design -top design_1_aes256_encrypt_0_1 -part xc7z020clg400-1 -incremental_mode off -mode out_of_context
Starting synth_design
Attempting to get a license for feature 'Synthesis' and/or device 'xc7z020'
INFO: [Common 17-349] Got license for feature 'Synthesis' and/or device 'xc7z020'
INFO: [Device 21-403] Loading part xc7z020clg400-1
INFO: [Synth 8-7079] Multithreading enabled for synth_design using a maximum of 7 processes.
INFO: [Synth 8-7078] Launching helper process for spawning children vivado processes
INFO: [Synth 8-7075] Helper process launched with PID 64824
---------------------------------------------------------------------------------
Starting RTL Elaboration : Time (s): cpu = 00:00:02 ; elapsed = 00:00:03 . Memory (MB): peak = 1891.273 ; gain = 419.828 ; free physical = 338 ; free virtual = 39848
---------------------------------------------------------------------------------
INFO: [Synth 8-6157] synthesizing module 'design_1_aes256_encrypt_0_1' [/media/user23/data/TRNG/TRNG_SOC/project_1/project_1.gen/sources_1/bd/design_1/ip/design_1_aes256_encrypt_0_1/synth/design_1_aes256_encrypt_0_1.v:53]
INFO: [Synth 8-6157] synthesizing module 'aes256_encrypt' [/media/user23/data/TRNG/TRNG_SOC/project_1/project_1.gen/sources_1/bd/design_1/ipshared/fa0d/hdl/aes256_encrypt.v:24]
INFO: [Synth 8-6157] synthesizing module 'key_man' [/media/user23/data/TRNG/TRNG_SOC/project_1/project_1.gen/sources_1/bd/design_1/ipshared/fa0d/hdl/key_man.v:22]
INFO: [Synth 8-226] default block is never used [/media/user23/data/TRNG/TRNG_SOC/project_1/project_1.gen/sources_1/bd/design_1/ipshared/fa0d/hdl/key_man.v:69]
INFO: [Synth 8-6155] done synthesizing module 'key_man' (0#1) [/media/user23/data/TRNG/TRNG_SOC/project_1/project_1.gen/sources_1/bd/design_1/ipshared/fa0d/hdl/key_man.v:22]
INFO: [Synth 8-6157] synthesizing module 'aes256_enc_core' [/media/user23/data/TRNG/TRNG_SOC/project_1/project_1.gen/sources_1/bd/design_1/ipshared/fa0d/hdl/aes256_enc_core.v:16]
INFO: [Synth 8-6157] synthesizing module 'key_expasion' [/media/user23/data/TRNG/TRNG_SOC/project_1/project_1.gen/sources_1/bd/design_1/ipshared/fa0d/hdl/key_expasion.v:17]
INFO: [Synth 8-6157] synthesizing module 's_box' [/media/user23/data/TRNG/TRNG_SOC/project_1/project_1.gen/sources_1/bd/design_1/ipshared/fa0d/hdl/s_box.v:9]
INFO: [Synth 8-226] default block is never used [/media/user23/data/TRNG/TRNG_SOC/project_1/project_1.gen/sources_1/bd/design_1/ipshared/fa0d/hdl/s_box.v:16]
INFO: [Synth 8-6155] done synthesizing module 's_box' (0#1) [/media/user23/data/TRNG/TRNG_SOC/project_1/project_1.gen/sources_1/bd/design_1/ipshared/fa0d/hdl/s_box.v:9]
INFO: [Synth 8-6155] done synthesizing module 'key_expasion' (0#1) [/media/user23/data/TRNG/TRNG_SOC/project_1/project_1.gen/sources_1/bd/design_1/ipshared/fa0d/hdl/key_expasion.v:17]
INFO: [Synth 8-6157] synthesizing module 'sub_bytes' [/media/user23/data/TRNG/TRNG_SOC/project_1/project_1.gen/sources_1/bd/design_1/ipshared/fa0d/hdl/sub_bytes.v:7]
INFO: [Synth 8-6155] done synthesizing module 'sub_bytes' (0#1) [/media/user23/data/TRNG/TRNG_SOC/project_1/project_1.gen/sources_1/bd/design_1/ipshared/fa0d/hdl/sub_bytes.v:7]
INFO: [Synth 8-6157] synthesizing module 'shift_rows' [/media/user23/data/TRNG/TRNG_SOC/project_1/project_1.gen/sources_1/bd/design_1/ipshared/fa0d/hdl/shift_rows.v:19]
INFO: [Synth 8-6155] done synthesizing module 'shift_rows' (0#1) [/media/user23/data/TRNG/TRNG_SOC/project_1/project_1.gen/sources_1/bd/design_1/ipshared/fa0d/hdl/shift_rows.v:19]
INFO: [Synth 8-6157] synthesizing module 'mix_columns' [/media/user23/data/TRNG/TRNG_SOC/project_1/project_1.gen/sources_1/bd/design_1/ipshared/fa0d/hdl/mix_columns.v:18]
INFO: [Synth 8-6155] done synthesizing module 'mix_columns' (0#1) [/media/user23/data/TRNG/TRNG_SOC/project_1/project_1.gen/sources_1/bd/design_1/ipshared/fa0d/hdl/mix_columns.v:18]
INFO: [Synth 8-6157] synthesizing module 'add_round_key' [/media/user23/data/TRNG/TRNG_SOC/project_1/project_1.gen/sources_1/bd/design_1/ipshared/fa0d/hdl/add_round_key.v:8]
INFO: [Synth 8-6155] done synthesizing module 'add_round_key' (0#1) [/media/user23/data/TRNG/TRNG_SOC/project_1/project_1.gen/sources_1/bd/design_1/ipshared/fa0d/hdl/add_round_key.v:8]
INFO: [Synth 8-6155] done synthesizing module 'aes256_enc_core' (0#1) [/media/user23/data/TRNG/TRNG_SOC/project_1/project_1.gen/sources_1/bd/design_1/ipshared/fa0d/hdl/aes256_enc_core.v:16]
INFO: [Synth 8-6157] synthesizing module 'aes256_encrypt_slave_lite_v1_0_S00_AXI' [/media/user23/data/TRNG/TRNG_SOC/project_1/project_1.gen/sources_1/bd/design_1/ipshared/fa0d/hdl/aes256_encrypt_slave_lite_v1_0_S00_AXI.v:3]
INFO: [Synth 8-155] case statement is not full and has no default [/media/user23/data/TRNG/TRNG_SOC/project_1/project_1.gen/sources_1/bd/design_1/ipshared/fa0d/hdl/aes256_encrypt_slave_lite_v1_0_S00_AXI.v:89]
INFO: [Synth 8-155] case statement is not full and has no default [/media/user23/data/TRNG/TRNG_SOC/project_1/project_1.gen/sources_1/bd/design_1/ipshared/fa0d/hdl/aes256_encrypt_slave_lite_v1_0_S00_AXI.v:170]
INFO: [Synth 8-6155] done synthesizing module 'aes256_encrypt_slave_lite_v1_0_S00_AXI' (0#1) [/media/user23/data/TRNG/TRNG_SOC/project_1/project_1.gen/sources_1/bd/design_1/ipshared/fa0d/hdl/aes256_encrypt_slave_lite_v1_0_S00_AXI.v:3]
INFO: [Synth 8-6155] done synthesizing module 'aes256_encrypt' (0#1) [/media/user23/data/TRNG/TRNG_SOC/project_1/project_1.gen/sources_1/bd/design_1/ipshared/fa0d/hdl/aes256_encrypt.v:24]
INFO: [Synth 8-6155] done synthesizing module 'design_1_aes256_encrypt_0_1' (0#1) [/media/user23/data/TRNG/TRNG_SOC/project_1/project_1.gen/sources_1/bd/design_1/ip/design_1_aes256_encrypt_0_1/synth/design_1_aes256_encrypt_0_1.v:53]
WARNING: [Synth 8-7137] Register W_reg[0] in module key_expasion has both Set and reset with same priority. This may cause simulation mismatches. Consider rewriting code  [/media/user23/data/TRNG/TRNG_SOC/project_1/project_1.gen/sources_1/bd/design_1/ipshared/fa0d/hdl/key_expasion.v:114]
WARNING: [Synth 8-7137] Register W_reg[1] in module key_expasion has both Set and reset with same priority. This may cause simulation mismatches. Consider rewriting code  [/media/user23/data/TRNG/TRNG_SOC/project_1/project_1.gen/sources_1/bd/design_1/ipshared/fa0d/hdl/key_expasion.v:114]
WARNING: [Synth 8-7137] Register W_reg[2] in module key_expasion has both Set and reset with same priority. This may cause simulation mismatches. Consider rewriting code  [/media/user23/data/TRNG/TRNG_SOC/project_1/project_1.gen/sources_1/bd/design_1/ipshared/fa0d/hdl/key_expasion.v:114]
WARNING: [Synth 8-7137] Register W_reg[3] in module key_expasion has both Set and reset with same priority. This may cause simulation mismatches. Consider rewriting code  [/media/user23/data/TRNG/TRNG_SOC/project_1/project_1.gen/sources_1/bd/design_1/ipshared/fa0d/hdl/key_expasion.v:114]
WARNING: [Synth 8-7137] Register W_reg[4] in module key_expasion has both Set and reset with same priority. This may cause simulation mismatches. Consider rewriting code  [/media/user23/data/TRNG/TRNG_SOC/project_1/project_1.gen/sources_1/bd/design_1/ipshared/fa0d/hdl/key_expasion.v:114]
WARNING: [Synth 8-7137] Register W_reg[5] in module key_expasion has both Set and reset with same priority. This may cause simulation mismatches. Consider rewriting code  [/media/user23/data/TRNG/TRNG_SOC/project_1/project_1.gen/sources_1/bd/design_1/ipshared/fa0d/hdl/key_expasion.v:114]
WARNING: [Synth 8-7137] Register W_reg[6] in module key_expasion has both Set and reset with same priority. This may cause simulation mismatches. Consider rewriting code  [/media/user23/data/TRNG/TRNG_SOC/project_1/project_1.gen/sources_1/bd/design_1/ipshared/fa0d/hdl/key_expasion.v:114]
WARNING: [Synth 8-7137] Register W_reg[7] in module key_expasion has both Set and reset with same priority. This may cause simulation mismatches. Consider rewriting code  [/media/user23/data/TRNG/TRNG_SOC/project_1/project_1.gen/sources_1/bd/design_1/ipshared/fa0d/hdl/key_expasion.v:114]
WARNING: [Synth 8-7137] Register W_reg[8] in module key_expasion has both Set and reset with same priority. This may cause simulation mismatches. Consider rewriting code  [/media/user23/data/TRNG/TRNG_SOC/project_1/project_1.gen/sources_1/bd/design_1/ipshared/fa0d/hdl/key_expasion.v:114]
WARNING: [Synth 8-7137] Register W_reg[9] in module key_expasion has both Set and reset with same priority. This may cause simulation mismatches. Consider rewriting code  [/media/user23/data/TRNG/TRNG_SOC/project_1/project_1.gen/sources_1/bd/design_1/ipshared/fa0d/hdl/key_expasion.v:114]
WARNING: [Synth 8-7137] Register W_reg[10] in module key_expasion has both Set and reset with same priority. This may cause simulation mismatches. Consider rewriting code  [/media/user23/data/TRNG/TRNG_SOC/project_1/project_1.gen/sources_1/bd/design_1/ipshared/fa0d/hdl/key_expasion.v:114]
WARNING: [Synth 8-7137] Register W_reg[11] in module key_expasion has both Set and reset with same priority. This may cause simulation mismatches. Consider rewriting code  [/media/user23/data/TRNG/TRNG_SOC/project_1/project_1.gen/sources_1/bd/design_1/ipshared/fa0d/hdl/key_expasion.v:114]
WARNING: [Synth 8-7137] Register W_reg[12] in module key_expasion has both Set and reset with same priority. This may cause simulation mismatches. Consider rewriting code  [/media/user23/data/TRNG/TRNG_SOC/project_1/project_1.gen/sources_1/bd/design_1/ipshared/fa0d/hdl/key_expasion.v:114]
WARNING: [Synth 8-7137] Register W_reg[13] in module key_expasion has both Set and reset with same priority. This may cause simulation mismatches. Consider rewriting code  [/media/user23/data/TRNG/TRNG_SOC/project_1/project_1.gen/sources_1/bd/design_1/ipshared/fa0d/hdl/key_expasion.v:114]
WARNING: [Synth 8-7137] Register W_reg[14] in module key_expasion has both Set and reset with same priority. This may cause simulation mismatches. Consider rewriting code  [/media/user23/data/TRNG/TRNG_SOC/project_1/project_1.gen/sources_1/bd/design_1/ipshared/fa0d/hdl/key_expasion.v:114]
WARNING: [Synth 8-7137] Register W_reg[15] in module key_expasion has both Set and reset with same priority. This may cause simulation mismatches. Consider rewriting code  [/media/user23/data/TRNG/TRNG_SOC/project_1/project_1.gen/sources_1/bd/design_1/ipshared/fa0d/hdl/key_expasion.v:114]
WARNING: [Synth 8-7137] Register W_reg[16] in module key_expasion has both Set and reset with same priority. This may cause simulation mismatches. Consider rewriting code  [/media/user23/data/TRNG/TRNG_SOC/project_1/project_1.gen/sources_1/bd/design_1/ipshared/fa0d/hdl/key_expasion.v:114]
WARNING: [Synth 8-7137] Register W_reg[17] in module key_expasion has both Set and reset with same priority. This may cause simulation mismatches. Consider rewriting code  [/media/user23/data/TRNG/TRNG_SOC/project_1/project_1.gen/sources_1/bd/design_1/ipshared/fa0d/hdl/key_expasion.v:114]
WARNING: [Synth 8-7137] Register W_reg[18] in module key_expasion has both Set and reset with same priority. This may cause simulation mismatches. Consider rewriting code  [/media/user23/data/TRNG/TRNG_SOC/project_1/project_1.gen/sources_1/bd/design_1/ipshared/fa0d/hdl/key_expasion.v:114]
WARNING: [Synth 8-7137] Register W_reg[19] in module key_expasion has both Set and reset with same priority. This may cause simulation mismatches. Consider rewriting code  [/media/user23/data/TRNG/TRNG_SOC/project_1/project_1.gen/sources_1/bd/design_1/ipshared/fa0d/hdl/key_expasion.v:114]
WARNING: [Synth 8-7137] Register W_reg[20] in module key_expasion has both Set and reset with same priority. This may cause simulation mismatches. Consider rewriting code  [/media/user23/data/TRNG/TRNG_SOC/project_1/project_1.gen/sources_1/bd/design_1/ipshared/fa0d/hdl/key_expasion.v:114]
WARNING: [Synth 8-7137] Register W_reg[21] in module key_expasion has both Set and reset with same priority. This may cause simulation mismatches. Consider rewriting code  [/media/user23/data/TRNG/TRNG_SOC/project_1/project_1.gen/sources_1/bd/design_1/ipshared/fa0d/hdl/key_expasion.v:114]
WARNING: [Synth 8-7137] Register W_reg[22] in module key_expasion has both Set and reset with same priority. This may cause simulation mismatches. Consider rewriting code  [/media/user23/data/TRNG/TRNG_SOC/project_1/project_1.gen/sources_1/bd/design_1/ipshared/fa0d/hdl/key_expasion.v:114]
WARNING: [Synth 8-7137] Register W_reg[23] in module key_expasion has both Set and reset with same priority. This may cause simulation mismatches. Consider rewriting code  [/media/user23/data/TRNG/TRNG_SOC/project_1/project_1.gen/sources_1/bd/design_1/ipshared/fa0d/hdl/key_expasion.v:114]
WARNING: [Synth 8-7137] Register W_reg[24] in module key_expasion has both Set and reset with same priority. This may cause simulation mismatches. Consider rewriting code  [/media/user23/data/TRNG/TRNG_SOC/project_1/project_1.gen/sources_1/bd/design_1/ipshared/fa0d/hdl/key_expasion.v:114]
WARNING: [Synth 8-7137] Register W_reg[25] in module key_expasion has both Set and reset with same priority. This may cause simulation mismatches. Consider rewriting code  [/media/user23/data/TRNG/TRNG_SOC/project_1/project_1.gen/sources_1/bd/design_1/ipshared/fa0d/hdl/key_expasion.v:114]
WARNING: [Synth 8-7137] Register W_reg[26] in module key_expasion has both Set and reset with same priority. This may cause simulation mismatches. Consider rewriting code  [/media/user23/data/TRNG/TRNG_SOC/project_1/project_1.gen/sources_1/bd/design_1/ipshared/fa0d/hdl/key_expasion.v:114]
WARNING: [Synth 8-7137] Register W_reg[27] in module key_expasion has both Set and reset with same priority. This may cause simulation mismatches. Consider rewriting code  [/media/user23/data/TRNG/TRNG_SOC/project_1/project_1.gen/sources_1/bd/design_1/ipshared/fa0d/hdl/key_expasion.v:114]
WARNING: [Synth 8-7137] Register W_reg[28] in module key_expasion has both Set and reset with same priority. This may cause simulation mismatches. Consider rewriting code  [/media/user23/data/TRNG/TRNG_SOC/project_1/project_1.gen/sources_1/bd/design_1/ipshared/fa0d/hdl/key_expasion.v:114]
WARNING: [Synth 8-7137] Register W_reg[29] in module key_expasion has both Set and reset with same priority. This may cause simulation mismatches. Consider rewriting code  [/media/user23/data/TRNG/TRNG_SOC/project_1/project_1.gen/sources_1/bd/design_1/ipshared/fa0d/hdl/key_expasion.v:114]
WARNING: [Synth 8-7137] Register W_reg[30] in module key_expasion has both Set and reset with same priority. This may cause simulation mismatches. Consider rewriting code  [/media/user23/data/TRNG/TRNG_SOC/project_1/project_1.gen/sources_1/bd/design_1/ipshared/fa0d/hdl/key_expasion.v:114]
WARNING: [Synth 8-7137] Register W_reg[31] in module key_expasion has both Set and reset with same priority. This may cause simulation mismatches. Consider rewriting code  [/media/user23/data/TRNG/TRNG_SOC/project_1/project_1.gen/sources_1/bd/design_1/ipshared/fa0d/hdl/key_expasion.v:114]
WARNING: [Synth 8-7137] Register W_reg[32] in module key_expasion has both Set and reset with same priority. This may cause simulation mismatches. Consider rewriting code  [/media/user23/data/TRNG/TRNG_SOC/project_1/project_1.gen/sources_1/bd/design_1/ipshared/fa0d/hdl/key_expasion.v:114]
WARNING: [Synth 8-7137] Register W_reg[33] in module key_expasion has both Set and reset with same priority. This may cause simulation mismatches. Consider rewriting code  [/media/user23/data/TRNG/TRNG_SOC/project_1/project_1.gen/sources_1/bd/design_1/ipshared/fa0d/hdl/key_expasion.v:114]
WARNING: [Synth 8-7137] Register W_reg[34] in module key_expasion has both Set and reset with same priority. This may cause simulation mismatches. Consider rewriting code  [/media/user23/data/TRNG/TRNG_SOC/project_1/project_1.gen/sources_1/bd/design_1/ipshared/fa0d/hdl/key_expasion.v:114]
WARNING: [Synth 8-7137] Register W_reg[35] in module key_expasion has both Set and reset with same priority. This may cause simulation mismatches. Consider rewriting code  [/media/user23/data/TRNG/TRNG_SOC/project_1/project_1.gen/sources_1/bd/design_1/ipshared/fa0d/hdl/key_expasion.v:114]
WARNING: [Synth 8-7137] Register W_reg[36] in module key_expasion has both Set and reset with same priority. This may cause simulation mismatches. Consider rewriting code  [/media/user23/data/TRNG/TRNG_SOC/project_1/project_1.gen/sources_1/bd/design_1/ipshared/fa0d/hdl/key_expasion.v:114]
WARNING: [Synth 8-7137] Register W_reg[37] in module key_expasion has both Set and reset with same priority. This may cause simulation mismatches. Consider rewriting code  [/media/user23/data/TRNG/TRNG_SOC/project_1/project_1.gen/sources_1/bd/design_1/ipshared/fa0d/hdl/key_expasion.v:114]
WARNING: [Synth 8-7137] Register W_reg[38] in module key_expasion has both Set and reset with same priority. This may cause simulation mismatches. Consider rewriting code  [/media/user23/data/TRNG/TRNG_SOC/project_1/project_1.gen/sources_1/bd/design_1/ipshared/fa0d/hdl/key_expasion.v:114]
WARNING: [Synth 8-7137] Register W_reg[39] in module key_expasion has both Set and reset with same priority. This may cause simulation mismatches. Consider rewriting code  [/media/user23/data/TRNG/TRNG_SOC/project_1/project_1.gen/sources_1/bd/design_1/ipshared/fa0d/hdl/key_expasion.v:114]
WARNING: [Synth 8-7137] Register W_reg[40] in module key_expasion has both Set and reset with same priority. This may cause simulation mismatches. Consider rewriting code  [/media/user23/data/TRNG/TRNG_SOC/project_1/project_1.gen/sources_1/bd/design_1/ipshared/fa0d/hdl/key_expasion.v:114]
WARNING: [Synth 8-7137] Register W_reg[41] in module key_expasion has both Set and reset with same priority. This may cause simulation mismatches. Consider rewriting code  [/media/user23/data/TRNG/TRNG_SOC/project_1/project_1.gen/sources_1/bd/design_1/ipshared/fa0d/hdl/key_expasion.v:114]
WARNING: [Synth 8-7137] Register W_reg[42] in module key_expasion has both Set and reset with same priority. This may cause simulation mismatches. Consider rewriting code  [/media/user23/data/TRNG/TRNG_SOC/project_1/project_1.gen/sources_1/bd/design_1/ipshared/fa0d/hdl/key_expasion.v:114]
WARNING: [Synth 8-7137] Register W_reg[43] in module key_expasion has both Set and reset with same priority. This may cause simulation mismatches. Consider rewriting code  [/media/user23/data/TRNG/TRNG_SOC/project_1/project_1.gen/sources_1/bd/design_1/ipshared/fa0d/hdl/key_expasion.v:114]
WARNING: [Synth 8-7137] Register W_reg[44] in module key_expasion has both Set and reset with same priority. This may cause simulation mismatches. Consider rewriting code  [/media/user23/data/TRNG/TRNG_SOC/project_1/project_1.gen/sources_1/bd/design_1/ipshared/fa0d/hdl/key_expasion.v:114]
WARNING: [Synth 8-7137] Register W_reg[45] in module key_expasion has both Set and reset with same priority. This may cause simulation mismatches. Consider rewriting code  [/media/user23/data/TRNG/TRNG_SOC/project_1/project_1.gen/sources_1/bd/design_1/ipshared/fa0d/hdl/key_expasion.v:114]
WARNING: [Synth 8-7137] Register W_reg[46] in module key_expasion has both Set and reset with same priority. This may cause simulation mismatches. Consider rewriting code  [/media/user23/data/TRNG/TRNG_SOC/project_1/project_1.gen/sources_1/bd/design_1/ipshared/fa0d/hdl/key_expasion.v:114]
WARNING: [Synth 8-7137] Register W_reg[47] in module key_expasion has both Set and reset with same priority. This may cause simulation mismatches. Consider rewriting code  [/media/user23/data/TRNG/TRNG_SOC/project_1/project_1.gen/sources_1/bd/design_1/ipshared/fa0d/hdl/key_expasion.v:114]
WARNING: [Synth 8-7137] Register W_reg[48] in module key_expasion has both Set and reset with same priority. This may cause simulation mismatches. Consider rewriting code  [/media/user23/data/TRNG/TRNG_SOC/project_1/project_1.gen/sources_1/bd/design_1/ipshared/fa0d/hdl/key_expasion.v:114]
WARNING: [Synth 8-7137] Register W_reg[49] in module key_expasion has both Set and reset with same priority. This may cause simulation mismatches. Consider rewriting code  [/media/user23/data/TRNG/TRNG_SOC/project_1/project_1.gen/sources_1/bd/design_1/ipshared/fa0d/hdl/key_expasion.v:114]
WARNING: [Synth 8-7137] Register W_reg[50] in module key_expasion has both Set and reset with same priority. This may cause simulation mismatches. Consider rewriting code  [/media/user23/data/TRNG/TRNG_SOC/project_1/project_1.gen/sources_1/bd/design_1/ipshared/fa0d/hdl/key_expasion.v:114]
WARNING: [Synth 8-7137] Register W_reg[51] in module key_expasion has both Set and reset with same priority. This may cause simulation mismatches. Consider rewriting code  [/media/user23/data/TRNG/TRNG_SOC/project_1/project_1.gen/sources_1/bd/design_1/ipshared/fa0d/hdl/key_expasion.v:114]
WARNING: [Synth 8-7137] Register W_reg[52] in module key_expasion has both Set and reset with same priority. This may cause simulation mismatches. Consider rewriting code  [/media/user23/data/TRNG/TRNG_SOC/project_1/project_1.gen/sources_1/bd/design_1/ipshared/fa0d/hdl/key_expasion.v:114]
WARNING: [Synth 8-7137] Register W_reg[53] in module key_expasion has both Set and reset with same priority. This may cause simulation mismatches. Consider rewriting code  [/media/user23/data/TRNG/TRNG_SOC/project_1/project_1.gen/sources_1/bd/design_1/ipshared/fa0d/hdl/key_expasion.v:114]
WARNING: [Synth 8-7137] Register W_reg[54] in module key_expasion has both Set and reset with same priority. This may cause simulation mismatches. Consider rewriting code  [/media/user23/data/TRNG/TRNG_SOC/project_1/project_1.gen/sources_1/bd/design_1/ipshared/fa0d/hdl/key_expasion.v:114]
WARNING: [Synth 8-7137] Register W_reg[55] in module key_expasion has both Set and reset with same priority. This may cause simulation mismatches. Consider rewriting code  [/media/user23/data/TRNG/TRNG_SOC/project_1/project_1.gen/sources_1/bd/design_1/ipshared/fa0d/hdl/key_expasion.v:114]
WARNING: [Synth 8-7137] Register W_reg[56] in module key_expasion has both Set and reset with same priority. This may cause simulation mismatches. Consider rewriting code  [/media/user23/data/TRNG/TRNG_SOC/project_1/project_1.gen/sources_1/bd/design_1/ipshared/fa0d/hdl/key_expasion.v:114]
WARNING: [Synth 8-7137] Register W_reg[57] in module key_expasion has both Set and reset with same priority. This may cause simulation mismatches. Consider rewriting code  [/media/user23/data/TRNG/TRNG_SOC/project_1/project_1.gen/sources_1/bd/design_1/ipshared/fa0d/hdl/key_expasion.v:114]
WARNING: [Synth 8-7137] Register W_reg[58] in module key_expasion has both Set and reset with same priority. This may cause simulation mismatches. Consider rewriting code  [/media/user23/data/TRNG/TRNG_SOC/project_1/project_1.gen/sources_1/bd/design_1/ipshared/fa0d/hdl/key_expasion.v:114]
WARNING: [Synth 8-7137] Register W_reg[59] in module key_expasion has both Set and reset with same priority. This may cause simulation mismatches. Consider rewriting code  [/media/user23/data/TRNG/TRNG_SOC/project_1/project_1.gen/sources_1/bd/design_1/ipshared/fa0d/hdl/key_expasion.v:114]
WARNING: [Synth 8-7129] Port S_AXI_AWPROT[2] in module aes256_encrypt_slave_lite_v1_0_S00_AXI is either unconnected or has no load
WARNING: [Synth 8-7129] Port S_AXI_AWPROT[1] in module aes256_encrypt_slave_lite_v1_0_S00_AXI is either unconnected or has no load
WARNING: [Synth 8-7129] Port S_AXI_AWPROT[0] in module aes256_encrypt_slave_lite_v1_0_S00_AXI is either unconnected or has no load
WARNING: [Synth 8-7129] Port S_AXI_ARPROT[2] in module aes256_encrypt_slave_lite_v1_0_S00_AXI is either unconnected or has no load
WARNING: [Synth 8-7129] Port S_AXI_ARPROT[1] in module aes256_encrypt_slave_lite_v1_0_S00_AXI is either unconnected or has no load
WARNING: [Synth 8-7129] Port S_AXI_ARPROT[0] in module aes256_encrypt_slave_lite_v1_0_S00_AXI is either unconnected or has no load
WARNING: [Synth 8-7129] Port aes_bram_addr[3] in module key_man is either unconnected or has no load
---------------------------------------------------------------------------------
Finished RTL Elaboration : Time (s): cpu = 00:00:03 ; elapsed = 00:00:04 . Memory (MB): peak = 1990.242 ; gain = 518.797 ; free physical = 478 ; free virtual = 39733
---------------------------------------------------------------------------------
---------------------------------------------------------------------------------
Start Handling Custom Attributes
---------------------------------------------------------------------------------
---------------------------------------------------------------------------------
Finished Handling Custom Attributes : Time (s): cpu = 00:00:03 ; elapsed = 00:00:04 . Memory (MB): peak = 2008.055 ; gain = 536.609 ; free physical = 508 ; free virtual = 39743
---------------------------------------------------------------------------------
---------------------------------------------------------------------------------
Finished RTL Optimization Phase 1 : Time (s): cpu = 00:00:03 ; elapsed = 00:00:04 . Memory (MB): peak = 2008.055 ; gain = 536.609 ; free physical = 508 ; free virtual = 39743
---------------------------------------------------------------------------------
Netlist sorting complete. Time (s): cpu = 00:00:00.03 ; elapsed = 00:00:00.04 . Memory (MB): peak = 2008.055 ; gain = 0.000 ; free physical = 514 ; free virtual = 39740
INFO: [Project 1-570] Preparing netlist for logic optimization

Processing XDC Constraints
Initializing timing engine
Completed Processing XDC Constraints

Netlist sorting complete. Time (s): cpu = 00:00:00 ; elapsed = 00:00:00 . Memory (MB): peak = 2146.805 ; gain = 0.000 ; free physical = 516 ; free virtual = 39744
INFO: [Project 1-111] Unisim Transformation Summary:
No Unisim elements were transformed.

Constraint Validation Runtime : Time (s): cpu = 00:00:00.13 ; elapsed = 00:00:00.04 . Memory (MB): peak = 2146.805 ; gain = 0.000 ; free physical = 515 ; free virtual = 39744
INFO: [Designutils 20-5008] Incremental synthesis strategy off
---------------------------------------------------------------------------------
Finished Constraint Validation : Time (s): cpu = 00:00:08 ; elapsed = 00:00:08 . Memory (MB): peak = 2146.805 ; gain = 675.359 ; free physical = 552 ; free virtual = 39773
---------------------------------------------------------------------------------
---------------------------------------------------------------------------------
Start Loading Part and Timing Information
---------------------------------------------------------------------------------
Loading part: xc7z020clg400-1
---------------------------------------------------------------------------------
Finished Loading Part and Timing Information : Time (s): cpu = 00:00:08 ; elapsed = 00:00:08 . Memory (MB): peak = 2154.809 ; gain = 683.363 ; free physical = 552 ; free virtual = 39773
---------------------------------------------------------------------------------
---------------------------------------------------------------------------------
Start Applying 'set_property' XDC Constraints
---------------------------------------------------------------------------------
---------------------------------------------------------------------------------
Finished applying 'set_property' XDC Constraints : Time (s): cpu = 00:00:08 ; elapsed = 00:00:08 . Memory (MB): peak = 2154.809 ; gain = 683.363 ; free physical = 551 ; free virtual = 39773
---------------------------------------------------------------------------------
INFO: [Synth 8-802] inferred FSM for state register 'state_reg' in module 'key_man'
INFO: [Synth 8-802] inferred FSM for state register 'state_reg' in module 'key_expasion'
INFO: [Synth 8-802] inferred FSM for state register 'state_reg' in module 'aes256_enc_core'
WARNING: [Synth 8-3936] Found unconnected internal register 'axi_araddr_reg' and it is trimmed from '7' to '6' bits. [/media/user23/data/TRNG/TRNG_SOC/project_1/project_1.gen/sources_1/bd/design_1/ipshared/fa0d/hdl/aes256_encrypt_slave_lite_v1_0_S00_AXI.v:180]
INFO: [Synth 8-802] inferred FSM for state register 'state_write_reg' in module 'aes256_encrypt_slave_lite_v1_0_S00_AXI'
INFO: [Synth 8-802] inferred FSM for state register 'state_read_reg' in module 'aes256_encrypt_slave_lite_v1_0_S00_AXI'
---------------------------------------------------------------------------------------------------
                   State |                     New Encoding |                Previous Encoding 
---------------------------------------------------------------------------------------------------
               WAIT_TRNG |                              001 |                               00
               WRITE_KEY |                              010 |                               01
                KEY_DONE |                              100 |                               10
---------------------------------------------------------------------------------------------------
INFO: [Synth 8-3354] encoded FSM with state register 'state_reg' using encoding 'one-hot' in module 'key_man'
---------------------------------------------------------------------------------------------------
                   State |                     New Encoding |                Previous Encoding 
---------------------------------------------------------------------------------------------------
                    IDLE |                              001 |                               00
                  EXPAND |                              010 |                               01
                    DONE |                              100 |                               10
---------------------------------------------------------------------------------------------------
INFO: [Synth 8-3354] encoded FSM with state register 'state_reg' using encoding 'one-hot' in module 'key_expasion'
---------------------------------------------------------------------------------------------------
                   State |                     New Encoding |                Previous Encoding 
---------------------------------------------------------------------------------------------------
                WAIT_KEY |                              000 |                             0000
              KEY_EXPAND |                              001 |                             0001
                   READY |                              010 |                             0010
                INIT_ARK |                              011 |                             0011
               ROUND_MIX |                              100 |                             0100
               ROUND_ARK |                              101 |                             0101
               FINAL_ARK |                              110 |                             0110
                  OUTPUT |                              111 |                             0111
---------------------------------------------------------------------------------------------------
INFO: [Synth 8-3354] encoded FSM with state register 'state_reg' using encoding 'sequential' in module 'aes256_enc_core'
---------------------------------------------------------------------------------------------------
                   State |                     New Encoding |                Previous Encoding 
---------------------------------------------------------------------------------------------------
                    Idle |                               00 |                               00
                   Waddr |                               01 |                               10
                   Wdata |                               10 |                               11
---------------------------------------------------------------------------------------------------
INFO: [Synth 8-3354] encoded FSM with state register 'state_write_reg' using encoding 'sequential' in module 'aes256_encrypt_slave_lite_v1_0_S00_AXI'
---------------------------------------------------------------------------------------------------
                   State |                     New Encoding |                Previous Encoding 
---------------------------------------------------------------------------------------------------
                    Idle |                               00 |                               00
                   Raddr |                               01 |                               10
                   Rdata |                               10 |                               11
---------------------------------------------------------------------------------------------------
INFO: [Synth 8-3354] encoded FSM with state register 'state_read_reg' using encoding 'sequential' in module 'aes256_encrypt_slave_lite_v1_0_S00_AXI'
---------------------------------------------------------------------------------
Finished RTL Optimization Phase 2 : Time (s): cpu = 00:00:08 ; elapsed = 00:00:09 . Memory (MB): peak = 2154.809 ; gain = 683.363 ; free physical = 534 ; free virtual = 39766
---------------------------------------------------------------------------------
---------------------------------------------------------------------------------
Start RTL Component Statistics 
---------------------------------------------------------------------------------
Detailed RTL Component Info : 
+---Adders : 
	   2 Input    6 Bit       Adders := 1     
	   2 Input    4 Bit       Adders := 2     
	   2 Input    3 Bit       Adders := 1     
+---XORs : 
	   2 Input    128 Bit         XORs := 1     
	   2 Input     32 Bit         XORs := 3     
	   2 Input      8 Bit         XORs := 26    
	   3 Input      8 Bit         XORs := 7     
	   4 Input      8 Bit         XORs := 5     
	   5 Input      8 Bit         XORs := 3     
+---Registers : 
	              256 Bit    Registers := 2     
	              128 Bit    Registers := 3     
	               32 Bit    Registers := 65    
	                7 Bit    Registers := 1     
	                6 Bit    Registers := 2     
	                4 Bit    Registers := 4     
	                3 Bit    Registers := 1     
	                2 Bit    Registers := 1     
	                1 Bit    Registers := 15    
+---Muxes : 
	   8 Input  256 Bit        Muxes := 2     
	   4 Input  128 Bit        Muxes := 1     
	   2 Input   32 Bit        Muxes := 13    
	   8 Input   32 Bit        Muxes := 1     
	   3 Input   32 Bit        Muxes := 9     
	   6 Input   32 Bit        Muxes := 5     
	   2 Input    8 Bit        Muxes := 16    
	   3 Input    6 Bit        Muxes := 1     
	   2 Input    4 Bit        Muxes := 3     
	   8 Input    4 Bit        Muxes := 4     
	   3 Input    3 Bit        Muxes := 2     
	   8 Input    3 Bit        Muxes := 1     
	   2 Input    3 Bit        Muxes := 2     
	   3 Input    2 Bit        Muxes := 2     
	   2 Input    2 Bit        Muxes := 5     
	   2 Input    1 Bit        Muxes := 67    
	   3 Input    1 Bit        Muxes := 81    
	   9 Input    1 Bit        Muxes := 1     
	  10 Input    1 Bit        Muxes := 1     
	   8 Input    1 Bit        Muxes := 13    
---------------------------------------------------------------------------------
Finished RTL Component Statistics 
---------------------------------------------------------------------------------
---------------------------------------------------------------------------------
Start Part Resource Summary
---------------------------------------------------------------------------------
Part Resources:
DSPs: 220 (col length:60)
BRAMs: 280 (col length: RAMB18 60 RAMB36 30)
---------------------------------------------------------------------------------
Finished Part Resource Summary
---------------------------------------------------------------------------------
---------------------------------------------------------------------------------
Start Cross Boundary and Area Optimization
---------------------------------------------------------------------------------
WARNING: [Synth 8-7080] Parallel synthesis criteria is not met
INFO: [Synth 8-3917] design design_1_aes256_encrypt_0_1 has port bram_addrb[31] driven by constant 0
INFO: [Synth 8-3917] design design_1_aes256_encrypt_0_1 has port bram_addrb[30] driven by constant 0
INFO: [Synth 8-3917] design design_1_aes256_encrypt_0_1 has port bram_addrb[29] driven by constant 0
INFO: [Synth 8-3917] design design_1_aes256_encrypt_0_1 has port bram_addrb[28] driven by constant 0
INFO: [Synth 8-3917] design design_1_aes256_encrypt_0_1 has port bram_addrb[27] driven by constant 0
INFO: [Synth 8-3917] design design_1_aes256_encrypt_0_1 has port bram_addrb[26] driven by constant 0
INFO: [Synth 8-3917] design design_1_aes256_encrypt_0_1 has port bram_addrb[25] driven by constant 0
INFO: [Synth 8-3917] design design_1_aes256_encrypt_0_1 has port bram_addrb[24] driven by constant 0
INFO: [Synth 8-3917] design design_1_aes256_encrypt_0_1 has port bram_addrb[23] driven by constant 0
INFO: [Synth 8-3917] design design_1_aes256_encrypt_0_1 has port bram_addrb[22] driven by constant 0
INFO: [Synth 8-3917] design design_1_aes256_encrypt_0_1 has port bram_addrb[21] driven by constant 0
INFO: [Synth 8-3917] design design_1_aes256_encrypt_0_1 has port bram_addrb[20] driven by constant 0
INFO: [Synth 8-3917] design design_1_aes256_encrypt_0_1 has port bram_addrb[19] driven by constant 0
INFO: [Synth 8-3917] design design_1_aes256_encrypt_0_1 has port bram_addrb[18] driven by constant 0
INFO: [Synth 8-3917] design design_1_aes256_encrypt_0_1 has port bram_addrb[17] driven by constant 0
INFO: [Synth 8-3917] design design_1_aes256_encrypt_0_1 has port bram_addrb[16] driven by constant 0
INFO: [Synth 8-3917] design design_1_aes256_encrypt_0_1 has port bram_addrb[15] driven by constant 0
INFO: [Synth 8-3917] design design_1_aes256_encrypt_0_1 has port bram_addrb[14] driven by constant 0
INFO: [Synth 8-3917] design design_1_aes256_encrypt_0_1 has port bram_addrb[13] driven by constant 0
INFO: [Synth 8-3917] design design_1_aes256_encrypt_0_1 has port bram_addrb[12] driven by constant 0
INFO: [Synth 8-3917] design design_1_aes256_encrypt_0_1 has port bram_addrb[11] driven by constant 0
INFO: [Synth 8-3917] design design_1_aes256_encrypt_0_1 has port bram_addrb[10] driven by constant 0
INFO: [Synth 8-3917] design design_1_aes256_encrypt_0_1 has port bram_addrb[9] driven by constant 0
INFO: [Synth 8-3917] design design_1_aes256_encrypt_0_1 has port bram_addrb[8] driven by constant 0
INFO: [Synth 8-3917] design design_1_aes256_encrypt_0_1 has port bram_addrb[7] driven by constant 0
INFO: [Synth 8-3917] design design_1_aes256_encrypt_0_1 has port bram_addrb[6] driven by constant 0
INFO: [Synth 8-3917] design design_1_aes256_encrypt_0_1 has port bram_addrb[5] driven by constant 0
INFO: [Synth 8-3917] design design_1_aes256_encrypt_0_1 has port bram_addrb[1] driven by constant 0
INFO: [Synth 8-3917] design design_1_aes256_encrypt_0_1 has port bram_addrb[0] driven by constant 0
INFO: [Synth 8-3917] design design_1_aes256_encrypt_0_1 has port bram_rstb driven by constant 0
WARNING: [Synth 8-7129] Port s00_axi_awprot[2] in module design_1_aes256_encrypt_0_1 is either unconnected or has no load
WARNING: [Synth 8-7129] Port s00_axi_awprot[1] in module design_1_aes256_encrypt_0_1 is either unconnected or has no load
WARNING: [Synth 8-7129] Port s00_axi_awprot[0] in module design_1_aes256_encrypt_0_1 is either unconnected or has no load
WARNING: [Synth 8-7129] Port s00_axi_araddr[6] in module design_1_aes256_encrypt_0_1 is either unconnected or has no load
WARNING: [Synth 8-7129] Port s00_axi_arprot[2] in module design_1_aes256_encrypt_0_1 is either unconnected or has no load
WARNING: [Synth 8-7129] Port s00_axi_arprot[1] in module design_1_aes256_encrypt_0_1 is either unconnected or has no load
WARNING: [Synth 8-7129] Port s00_axi_arprot[0] in module design_1_aes256_encrypt_0_1 is either unconnected or has no load
---------------------------------------------------------------------------------
Finished Cross Boundary and Area Optimization : Time (s): cpu = 00:00:19 ; elapsed = 00:00:19 . Memory (MB): peak = 2179.809 ; gain = 708.363 ; free physical = 459 ; free virtual = 39660
---------------------------------------------------------------------------------
---------------------------------------------------------------------------------
Start ROM, RAM, DSP, Shift Register and Retiming Reporting
---------------------------------------------------------------------------------

ROM: Preliminary Mapping Report
+-------------+------------------------+---------------+----------------+
|Module Name  | RTL Object             | Depth x Width | Implemented As | 
+-------------+------------------------+---------------+----------------+
|s_box        | sbox                   | 256x8         | LUT            | 
|key_expasion | u_sb3/sbox             | 256x8         | LUT            | 
|key_expasion | u_sb2/sbox             | 256x8         | LUT            | 
|key_expasion | u_sb1/sbox             | 256x8         | LUT            | 
|key_expasion | u_sb0/sbox             | 256x8         | LUT            | 
|sub_bytes    | g_sbox[14].u_sbox/sbox | 256x8         | LUT            | 
|sub_bytes    | g_sbox[13].u_sbox/sbox | 256x8         | LUT            | 
|sub_bytes    | g_sbox[12].u_sbox/sbox | 256x8         | LUT            | 
|sub_bytes    | g_sbox[11].u_sbox/sbox | 256x8         | LUT            | 
|sub_bytes    | g_sbox[10].u_sbox/sbox | 256x8         | LUT            | 
|sub_bytes    | g_sbox[9].u_sbox/sbox  | 256x8         | LUT            | 
|sub_bytes    | g_sbox[8].u_sbox/sbox  | 256x8         | LUT            | 
|sub_bytes    | g_sbox[7].u_sbox/sbox  | 256x8         | LUT            | 
|sub_bytes    | g_sbox[6].u_sbox/sbox  | 256x8         | LUT            | 
|sub_bytes    | g_sbox[5].u_sbox/sbox  | 256x8         | LUT            | 
|sub_bytes    | g_sbox[4].u_sbox/sbox  | 256x8         | LUT            | 
|sub_bytes    | g_sbox[3].u_sbox/sbox  | 256x8         | LUT            | 
|sub_bytes    | g_sbox[2].u_sbox/sbox  | 256x8         | LUT            | 
|sub_bytes    | g_sbox[1].u_sbox/sbox  | 256x8         | LUT            | 
|sub_bytes    | g_sbox[0].u_sbox/sbox  | 256x8         | LUT            | 
+-------------+------------------------+---------------+----------------+

---------------------------------------------------------------------------------
Finished ROM, RAM, DSP, Shift Register and Retiming Reporting
---------------------------------------------------------------------------------
---------------------------------------------------------------------------------
Start Applying XDC Timing Constraints
---------------------------------------------------------------------------------
---------------------------------------------------------------------------------
Finished Applying XDC Timing Constraints : Time (s): cpu = 00:00:22 ; elapsed = 00:00:23 . Memory (MB): peak = 2189.809 ; gain = 718.363 ; free physical = 422 ; free virtual = 39635
---------------------------------------------------------------------------------
---------------------------------------------------------------------------------
Start Timing Optimization
---------------------------------------------------------------------------------
---------------------------------------------------------------------------------
Finished Timing Optimization : Time (s): cpu = 00:00:22 ; elapsed = 00:00:23 . Memory (MB): peak = 2194.809 ; gain = 723.363 ; free physical = 415 ; free virtual = 39637
---------------------------------------------------------------------------------
---------------------------------------------------------------------------------
Start Technology Mapping
---------------------------------------------------------------------------------
---------------------------------------------------------------------------------
Finished Technology Mapping : Time (s): cpu = 00:00:23 ; elapsed = 00:00:23 . Memory (MB): peak = 2215.855 ; gain = 744.410 ; free physical = 400 ; free virtual = 39613
---------------------------------------------------------------------------------
---------------------------------------------------------------------------------
Start IO Insertion
---------------------------------------------------------------------------------
---------------------------------------------------------------------------------
Start Flattening Before IO Insertion
---------------------------------------------------------------------------------
---------------------------------------------------------------------------------
Finished Flattening Before IO Insertion
---------------------------------------------------------------------------------
---------------------------------------------------------------------------------
Start Final Netlist Cleanup
---------------------------------------------------------------------------------
---------------------------------------------------------------------------------
Finished Final Netlist Cleanup
---------------------------------------------------------------------------------
---------------------------------------------------------------------------------
Finished IO Insertion : Time (s): cpu = 00:00:25 ; elapsed = 00:00:25 . Memory (MB): peak = 2362.668 ; gain = 891.223 ; free physical = 317 ; free virtual = 39518
---------------------------------------------------------------------------------
---------------------------------------------------------------------------------
Start Renaming Generated Instances
---------------------------------------------------------------------------------
---------------------------------------------------------------------------------
Finished Renaming Generated Instances : Time (s): cpu = 00:00:25 ; elapsed = 00:00:25 . Memory (MB): peak = 2362.668 ; gain = 891.223 ; free physical = 317 ; free virtual = 39518
---------------------------------------------------------------------------------
---------------------------------------------------------------------------------
Start Rebuilding User Hierarchy
---------------------------------------------------------------------------------
---------------------------------------------------------------------------------
Finished Rebuilding User Hierarchy : Time (s): cpu = 00:00:25 ; elapsed = 00:00:25 . Memory (MB): peak = 2362.668 ; gain = 891.223 ; free physical = 316 ; free virtual = 39518
---------------------------------------------------------------------------------
---------------------------------------------------------------------------------
Start Renaming Generated Ports
---------------------------------------------------------------------------------
---------------------------------------------------------------------------------
Finished Renaming Generated Ports : Time (s): cpu = 00:00:25 ; elapsed = 00:00:25 . Memory (MB): peak = 2362.668 ; gain = 891.223 ; free physical = 316 ; free virtual = 39518
---------------------------------------------------------------------------------
---------------------------------------------------------------------------------
Start Handling Custom Attributes
---------------------------------------------------------------------------------
---------------------------------------------------------------------------------
Finished Handling Custom Attributes : Time (s): cpu = 00:00:25 ; elapsed = 00:00:26 . Memory (MB): peak = 2362.668 ; gain = 891.223 ; free physical = 316 ; free virtual = 39518
---------------------------------------------------------------------------------
---------------------------------------------------------------------------------
Start Renaming Generated Nets
---------------------------------------------------------------------------------
---------------------------------------------------------------------------------
Finished Renaming Generated Nets : Time (s): cpu = 00:00:25 ; elapsed = 00:00:26 . Memory (MB): peak = 2362.668 ; gain = 891.223 ; free physical = 316 ; free virtual = 39518
---------------------------------------------------------------------------------
---------------------------------------------------------------------------------
Start Writing Synthesis Report
---------------------------------------------------------------------------------

Report BlackBoxes: 
+-+--------------+----------+
| |BlackBox name |Instances |
+-+--------------+----------+
+-+--------------+----------+

Report Cell Usage: 
+------+------+------+
|      |Cell  |Count |
+------+------+------+
|1     |LUT1  |     2|
|2     |LUT2  |   472|
|3     |LUT3  |    48|
|4     |LUT4  |    56|
|5     |LUT5  |   367|
|6     |LUT6  |  2816|
|7     |MUXF7 |   929|
|8     |MUXF8 |   346|
|9     |FDCE  |   948|
|10    |FDPE  |     5|
|11    |FDRE  |  2097|
+------+------+------+
---------------------------------------------------------------------------------
Finished Writing Synthesis Report : Time (s): cpu = 00:00:25 ; elapsed = 00:00:26 . Memory (MB): peak = 2362.668 ; gain = 891.223 ; free physical = 316 ; free virtual = 39518
---------------------------------------------------------------------------------
Synthesis finished with 0 errors, 0 critical warnings and 9 warnings.
Synthesis Optimization Runtime : Time (s): cpu = 00:00:24 ; elapsed = 00:00:24 . Memory (MB): peak = 2362.668 ; gain = 752.473 ; free physical = 316 ; free virtual = 39518
Synthesis Optimization Complete : Time (s): cpu = 00:00:25 ; elapsed = 00:00:26 . Memory (MB): peak = 2362.676 ; gain = 891.223 ; free physical = 316 ; free virtual = 39518
INFO: [Project 1-571] Translating synthesized netlist
Netlist sorting complete. Time (s): cpu = 00:00:00.02 ; elapsed = 00:00:00.03 . Memory (MB): peak = 2362.676 ; gain = 0.000 ; free physical = 485 ; free virtual = 39687
INFO: [Netlist 29-17] Analyzing 1275 Unisim elements for replacement
INFO: [Netlist 29-28] Unisim Transformation completed in 0 CPU seconds
INFO: [Project 1-570] Preparing netlist for logic optimization
INFO: [Opt 31-138] Pushed 0 inverter(s) to 0 load pin(s).
Netlist sorting complete. Time (s): cpu = 00:00:00 ; elapsed = 00:00:00 . Memory (MB): peak = 2418.695 ; gain = 0.000 ; free physical = 505 ; free virtual = 39698
INFO: [Project 1-111] Unisim Transformation Summary:
No Unisim elements were transformed.

Synth Design complete | Checksum: ede91902
INFO: [Common 17-83] Releasing license: Synthesis
87 Infos, 76 Warnings, 0 Critical Warnings and 0 Errors encountered.
synth_design completed successfully
synth_design: Time (s): cpu = 00:00:30 ; elapsed = 00:00:29 . Memory (MB): peak = 2418.695 ; gain = 1057.754 ; free physical = 505 ; free virtual = 39698
INFO: [Common 17-2834] synth_design peak Physical Memory [PSS] (MB): overall = 1633.782; main = 1578.220; forked = 269.417
INFO: [Common 17-2834] synth_design peak Virtual Memory [VSS] (MB): overall = 3100.699; main = 2418.699; forked = 920.887
Write ShapeDB Complete: Time (s): cpu = 00:00:00.01 ; elapsed = 00:00:00.01 . Memory (MB): peak = 2442.707 ; gain = 0.000 ; free physical = 497 ; free virtual = 39691
INFO: [Common 17-1381] The checkpoint '/media/user23/data/TRNG/TRNG_SOC/project_1/project_1.runs/design_1_aes256_encrypt_0_1_synth_1/design_1_aes256_encrypt_0_1.dcp' has been generated.
INFO: [Coretcl 2-1648] Added synthesis output to IP cache for IP design_1_aes256_encrypt_0_1, cache-ID = ade6482da77c75bc
INFO: [Coretcl 2-1174] Renamed 27 cell refs.
Write ShapeDB Complete: Time (s): cpu = 00:00:00.01 ; elapsed = 00:00:00.01 . Memory (MB): peak = 2442.707 ; gain = 0.000 ; free physical = 480 ; free virtual = 39680
INFO: [Common 17-1381] The checkpoint '/media/user23/data/TRNG/TRNG_SOC/project_1/project_1.runs/design_1_aes256_encrypt_0_1_synth_1/design_1_aes256_encrypt_0_1.dcp' has been generated.
INFO: [Vivado 12-24828] Executing command : report_utilization -file design_1_aes256_encrypt_0_1_utilization_synth.rpt -pb design_1_aes256_encrypt_0_1_utilization_synth.pb
INFO: [Common 17-206] Exiting Vivado at Thu Apr  2 14:40:57 2026...
