Time resolution is 1 ps
===================================================
  AES256 암호화 코어 테스트 시작
===================================================
[45000] 리셋 해제
[45000] BRAM 키 읽기 + 키 확장 중...
[685000] 키 확장 완료 → READY
---------------------------------------------------
[테스트 1] NIST AES-256 테스트 벡터
  Key:    000102...1e1f
  Plain:  00112233445566778899aabbccddeeff
  Expect: 8ea2b7ca516745bfeafc49904b496089
  Result: 3ad9ab798f30ef6f78e6c8b537b5283d
  [FAIL] 기대값과 다름
---------------------------------------------------
[테스트 2] 전체 0 평문
  Plain:  00000000000000000000000000000000
  Expect: dc95c078a2408989ad48a21492842087
  Result: 27136b33a4698456ac5aeb41146c86be
  [FAIL] 기대값과 다름
===================================================
  최종 결과: 2개 FAIL
===================================================
$finish called at time : 1415 ns : File "/media/user23/data/TRNG/TRNG_SOC/ip_repo/edit_aes256_encrypt_v1_0.srcs/sim_1/new/tb_aes256_enc.sv" Line 170
